{"/Users/domin/Documents/GitHub/spm-group5/backend/src/controllers/user.controller.js": {"path":"/Users/domin/Documents/GitHub/spm-group5/backend/src/controllers/user.controller.js","all":false,"statementMap":{"0":{"start":{"line":1,"column":0},"end":{"line":1,"column":102}},"2":{"start":{"line":3,"column":0},"end":{"line":3,"column":40}},"4":{"start":{"line":5,"column":0},"end":{"line":5,"column":21}},"5":{"start":{"line":6,"column":0},"end":{"line":6,"column":45}},"6":{"start":{"line":7,"column":0},"end":{"line":7,"column":8}},"7":{"start":{"line":8,"column":0},"end":{"line":8,"column":48}},"8":{"start":{"line":9,"column":0},"end":{"line":9,"column":69}},"10":{"start":{"line":11,"column":0},"end":{"line":11,"column":52}},"11":{"start":{"line":12,"column":0},"end":{"line":12,"column":104}},"13":{"start":{"line":14,"column":0},"end":{"line":14,"column":31}},"14":{"start":{"line":15,"column":0},"end":{"line":15,"column":90}},"15":{"start":{"line":16,"column":0},"end":{"line":16,"column":9}},"16":{"start":{"line":17,"column":0},"end":{"line":17,"column":15}},"17":{"start":{"line":18,"column":0},"end":{"line":18,"column":47}},"18":{"start":{"line":19,"column":0},"end":{"line":19,"column":86}},"19":{"start":{"line":20,"column":0},"end":{"line":20,"column":5}},"20":{"start":{"line":21,"column":0},"end":{"line":21,"column":1}},"22":{"start":{"line":23,"column":0},"end":{"line":23,"column":14}},"23":{"start":{"line":24,"column":0},"end":{"line":24,"column":42}},"24":{"start":{"line":25,"column":0},"end":{"line":25,"column":9}},"26":{"start":{"line":27,"column":0},"end":{"line":27,"column":5}},"27":{"start":{"line":28,"column":0},"end":{"line":28,"column":16}},"29":{"start":{"line":30,"column":0},"end":{"line":30,"column":5}},"30":{"start":{"line":31,"column":0},"end":{"line":31,"column":1}}},"s":{"0":2,"2":2,"4":2,"5":2,"6":34,"7":34,"8":34,"10":34,"11":34,"13":9,"14":9,"15":9,"16":34,"17":25,"18":25,"19":34,"20":34,"22":2,"23":2,"24":0,"26":0,"27":0,"29":0,"30":1},"branchMap":{"0":{"type":"branch","line":1,"loc":{"start":{"line":1,"column":0},"end":{"line":30,"column":5}},"locations":[{"start":{"line":1,"column":0},"end":{"line":30,"column":5}}]},"1":{"type":"branch","line":6,"loc":{"start":{"line":6,"column":19},"end":{"line":21,"column":1}},"locations":[{"start":{"line":6,"column":19},"end":{"line":21,"column":1}}]},"2":{"type":"branch","line":12,"loc":{"start":{"line":12,"column":103},"end":{"line":17,"column":3}},"locations":[{"start":{"line":12,"column":103},"end":{"line":17,"column":3}}]},"3":{"type":"branch","line":17,"loc":{"start":{"line":17,"column":3},"end":{"line":20,"column":4}},"locations":[{"start":{"line":17,"column":3},"end":{"line":20,"column":4}}]}},"b":{"0":[2],"1":[34],"2":[9],"3":[25]},"fnMap":{"0":{"name":"exports.register","decl":{"start":{"line":6,"column":19},"end":{"line":21,"column":1}},"loc":{"start":{"line":6,"column":19},"end":{"line":21,"column":1}},"line":6},"1":{"name":"exports.login","decl":{"start":{"line":24,"column":14},"end":{"line":30,"column":5}},"loc":{"start":{"line":24,"column":14},"end":{"line":30,"column":5}},"line":24}},"f":{"0":34,"1":0}}
,"/Users/domin/Documents/GitHub/spm-group5/backend/src/models/user.model.js": {"path":"/Users/domin/Documents/GitHub/spm-group5/backend/src/models/user.model.js","all":false,"statementMap":{"0":{"start":{"line":1,"column":0},"end":{"line":1,"column":79}},"1":{"start":{"line":2,"column":0},"end":{"line":2,"column":80}},"2":{"start":{"line":3,"column":0},"end":{"line":3,"column":70}},"3":{"start":{"line":4,"column":0},"end":{"line":4,"column":61}},"5":{"start":{"line":6,"column":0},"end":{"line":6,"column":24}},"6":{"start":{"line":7,"column":0},"end":{"line":7,"column":31}},"7":{"start":{"line":8,"column":0},"end":{"line":8,"column":14}},"8":{"start":{"line":9,"column":0},"end":{"line":9,"column":21}},"9":{"start":{"line":10,"column":0},"end":{"line":10,"column":23}},"10":{"start":{"line":11,"column":0},"end":{"line":11,"column":21}},"11":{"start":{"line":12,"column":0},"end":{"line":12,"column":19}},"12":{"start":{"line":13,"column":0},"end":{"line":13,"column":36}},"13":{"start":{"line":14,"column":0},"end":{"line":14,"column":68}},"14":{"start":{"line":15,"column":0},"end":{"line":15,"column":14}},"15":{"start":{"line":16,"column":0},"end":{"line":16,"column":58}},"16":{"start":{"line":17,"column":0},"end":{"line":17,"column":9}},"17":{"start":{"line":18,"column":0},"end":{"line":18,"column":6}},"18":{"start":{"line":19,"column":0},"end":{"line":19,"column":11}},"19":{"start":{"line":20,"column":0},"end":{"line":20,"column":23}},"20":{"start":{"line":21,"column":0},"end":{"line":21,"column":43}},"21":{"start":{"line":22,"column":0},"end":{"line":22,"column":23}},"22":{"start":{"line":23,"column":0},"end":{"line":23,"column":19}},"23":{"start":{"line":24,"column":0},"end":{"line":24,"column":36}},"24":{"start":{"line":25,"column":0},"end":{"line":25,"column":101}},"25":{"start":{"line":26,"column":0},"end":{"line":26,"column":14}},"26":{"start":{"line":27,"column":0},"end":{"line":27,"column":65}},"27":{"start":{"line":28,"column":0},"end":{"line":28,"column":9}},"28":{"start":{"line":29,"column":0},"end":{"line":29,"column":6}},"29":{"start":{"line":30,"column":0},"end":{"line":30,"column":16}},"30":{"start":{"line":31,"column":0},"end":{"line":31,"column":21}},"31":{"start":{"line":32,"column":0},"end":{"line":32,"column":102}},"32":{"start":{"line":33,"column":0},"end":{"line":33,"column":23}},"33":{"start":{"line":34,"column":0},"end":{"line":34,"column":19}},"34":{"start":{"line":35,"column":0},"end":{"line":35,"column":36}},"35":{"start":{"line":36,"column":0},"end":{"line":36,"column":68}},"36":{"start":{"line":37,"column":0},"end":{"line":37,"column":14}},"37":{"start":{"line":38,"column":0},"end":{"line":38,"column":60}},"38":{"start":{"line":39,"column":0},"end":{"line":39,"column":9}},"39":{"start":{"line":40,"column":0},"end":{"line":40,"column":6}},"40":{"start":{"line":41,"column":0},"end":{"line":41,"column":21}},"41":{"start":{"line":42,"column":0},"end":{"line":42,"column":21}},"42":{"start":{"line":43,"column":0},"end":{"line":43,"column":23}},"43":{"start":{"line":44,"column":0},"end":{"line":44,"column":19}},"44":{"start":{"line":45,"column":0},"end":{"line":45,"column":36}},"45":{"start":{"line":46,"column":0},"end":{"line":46,"column":68}},"46":{"start":{"line":47,"column":0},"end":{"line":47,"column":14}},"47":{"start":{"line":48,"column":0},"end":{"line":48,"column":58}},"48":{"start":{"line":49,"column":0},"end":{"line":49,"column":9}},"49":{"start":{"line":50,"column":0},"end":{"line":50,"column":6}},"50":{"start":{"line":51,"column":0},"end":{"line":51,"column":3}},"52":{"start":{"line":53,"column":0},"end":{"line":53,"column":40}},"53":{"start":{"line":54,"column":0},"end":{"line":54,"column":8}},"54":{"start":{"line":55,"column":0},"end":{"line":55,"column":51}},"55":{"start":{"line":56,"column":0},"end":{"line":56,"column":24}},"56":{"start":{"line":57,"column":0},"end":{"line":57,"column":46}},"57":{"start":{"line":58,"column":0},"end":{"line":58,"column":76}},"59":{"start":{"line":60,"column":0},"end":{"line":60,"column":36}},"60":{"start":{"line":61,"column":0},"end":{"line":61,"column":47}},"63":{"start":{"line":64,"column":0},"end":{"line":64,"column":17}},"64":{"start":{"line":65,"column":0},"end":{"line":65,"column":18}},"65":{"start":{"line":66,"column":0},"end":{"line":66,"column":5}},"66":{"start":{"line":67,"column":0},"end":{"line":67,"column":2}},"67":{"start":{"line":68,"column":0},"end":{"line":68,"column":95}},"69":{"start":{"line":70,"column":0},"end":{"line":70,"column":76}}},"s":{"0":4,"1":4,"2":4,"3":4,"5":4,"6":4,"7":4,"8":4,"9":4,"10":4,"11":4,"12":4,"13":51,"14":4,"15":4,"16":4,"17":4,"18":4,"19":4,"20":4,"21":4,"22":4,"23":4,"24":55,"25":4,"26":4,"27":4,"28":4,"29":4,"30":4,"31":4,"32":4,"33":4,"34":4,"35":50,"36":4,"37":4,"38":4,"39":4,"40":4,"41":4,"42":4,"43":4,"44":4,"45":51,"46":4,"47":4,"48":4,"49":4,"50":4,"52":4,"53":36,"54":36,"55":36,"56":36,"57":36,"59":36,"60":36,"63":36,"64":0,"65":36,"66":4,"67":4,"69":4},"branchMap":{"0":{"type":"branch","line":1,"loc":{"start":{"line":1,"column":0},"end":{"line":70,"column":76}},"locations":[{"start":{"line":1,"column":0},"end":{"line":70,"column":76}}]},"1":{"type":"branch","line":13,"loc":{"start":{"line":13,"column":23},"end":{"line":15,"column":13}},"locations":[{"start":{"line":13,"column":23},"end":{"line":15,"column":13}}]},"2":{"type":"branch","line":24,"loc":{"start":{"line":24,"column":23},"end":{"line":26,"column":13}},"locations":[{"start":{"line":24,"column":23},"end":{"line":26,"column":13}}]},"3":{"type":"branch","line":25,"loc":{"start":{"line":25,"column":56},"end":{"line":25,"column":100}},"locations":[{"start":{"line":25,"column":56},"end":{"line":25,"column":100}}]},"4":{"type":"branch","line":25,"loc":{"start":{"line":25,"column":67},"end":{"line":25,"column":99}},"locations":[{"start":{"line":25,"column":67},"end":{"line":25,"column":99}}]},"5":{"type":"branch","line":35,"loc":{"start":{"line":35,"column":23},"end":{"line":37,"column":13}},"locations":[{"start":{"line":35,"column":23},"end":{"line":37,"column":13}}]},"6":{"type":"branch","line":45,"loc":{"start":{"line":45,"column":23},"end":{"line":47,"column":13}},"locations":[{"start":{"line":45,"column":23},"end":{"line":47,"column":13}}]},"7":{"type":"branch","line":53,"loc":{"start":{"line":53,"column":23},"end":{"line":66,"column":5}},"locations":[{"start":{"line":53,"column":23},"end":{"line":66,"column":5}}]},"8":{"type":"branch","line":64,"loc":{"start":{"line":64,"column":4},"end":{"line":66,"column":3}},"locations":[{"start":{"line":64,"column":4},"end":{"line":66,"column":3}}]}},"b":{"0":[4],"1":[51],"2":[55],"3":[53],"4":[58],"5":[50],"6":[51],"7":[36],"8":[0]},"fnMap":{"0":{"name":"validator","decl":{"start":{"line":13,"column":23},"end":{"line":15,"column":13}},"loc":{"start":{"line":13,"column":23},"end":{"line":15,"column":13}},"line":13},"1":{"name":"validator","decl":{"start":{"line":24,"column":23},"end":{"line":26,"column":13}},"loc":{"start":{"line":24,"column":23},"end":{"line":26,"column":13}},"line":24},"2":{"name":"validator","decl":{"start":{"line":35,"column":23},"end":{"line":37,"column":13}},"loc":{"start":{"line":35,"column":23},"end":{"line":37,"column":13}},"line":35},"3":{"name":"validator","decl":{"start":{"line":45,"column":23},"end":{"line":47,"column":13}},"loc":{"start":{"line":45,"column":23},"end":{"line":47,"column":13}},"line":45}},"f":{"0":51,"1":55,"2":50,"3":51}}
,"/Users/domin/Documents/GitHub/spm-group5/backend/src/routes/user.router.js": {"path":"/Users/domin/Documents/GitHub/spm-group5/backend/src/routes/user.router.js","all":false,"statementMap":{"0":{"start":{"line":1,"column":0},"end":{"line":1,"column":72}},"1":{"start":{"line":2,"column":0},"end":{"line":2,"column":94}},"3":{"start":{"line":4,"column":0},"end":{"line":4,"column":80}},"5":{"start":{"line":6,"column":0},"end":{"line":6,"column":69}}},"s":{"0":1,"1":1,"3":1,"5":1},"branchMap":{},"b":{},"fnMap":{},"f":{}}
,"/Users/domin/Documents/GitHub/spm-group5/backend/src/services/user.services.js": {"path":"/Users/domin/Documents/GitHub/spm-group5/backend/src/services/user.services.js","all":false,"statementMap":{"0":{"start":{"line":1,"column":0},"end":{"line":1,"column":75}},"2":{"start":{"line":3,"column":0},"end":{"line":3,"column":20}},"3":{"start":{"line":4,"column":0},"end":{"line":4,"column":47}},"4":{"start":{"line":5,"column":0},"end":{"line":5,"column":87}},"5":{"start":{"line":6,"column":0},"end":{"line":6,"column":39}},"6":{"start":{"line":7,"column":0},"end":{"line":7,"column":17}},"7":{"start":{"line":8,"column":0},"end":{"line":8,"column":30}},"8":{"start":{"line":9,"column":0},"end":{"line":9,"column":47}},"9":{"start":{"line":10,"column":0},"end":{"line":10,"column":61}},"10":{"start":{"line":11,"column":0},"end":{"line":11,"column":13}},"11":{"start":{"line":12,"column":0},"end":{"line":12,"column":54}},"12":{"start":{"line":13,"column":0},"end":{"line":13,"column":61}},"13":{"start":{"line":14,"column":0},"end":{"line":14,"column":13}},"14":{"start":{"line":15,"column":0},"end":{"line":15,"column":40}},"15":{"start":{"line":16,"column":0},"end":{"line":16,"column":58}},"16":{"start":{"line":17,"column":0},"end":{"line":17,"column":13}},"17":{"start":{"line":18,"column":0},"end":{"line":18,"column":49}},"18":{"start":{"line":19,"column":0},"end":{"line":19,"column":63}},"19":{"start":{"line":20,"column":0},"end":{"line":20,"column":13}},"20":{"start":{"line":21,"column":0},"end":{"line":21,"column":12}},"21":{"start":{"line":22,"column":0},"end":{"line":22,"column":40}},"22":{"start":{"line":23,"column":0},"end":{"line":23,"column":37}},"23":{"start":{"line":24,"column":0},"end":{"line":24,"column":65}},"24":{"start":{"line":25,"column":0},"end":{"line":25,"column":13}},"25":{"start":{"line":26,"column":0},"end":{"line":26,"column":12}},"26":{"start":{"line":27,"column":0},"end":{"line":27,"column":61}},"27":{"start":{"line":28,"column":0},"end":{"line":28,"column":82}},"28":{"start":{"line":29,"column":0},"end":{"line":29,"column":42}},"29":{"start":{"line":30,"column":0},"end":{"line":30,"column":77}},"30":{"start":{"line":31,"column":0},"end":{"line":31,"column":13}},"31":{"start":{"line":32,"column":0},"end":{"line":32,"column":12}},"32":{"start":{"line":33,"column":0},"end":{"line":33,"column":132}},"33":{"start":{"line":34,"column":0},"end":{"line":34,"column":57}},"34":{"start":{"line":35,"column":0},"end":{"line":35,"column":69}},"35":{"start":{"line":36,"column":0},"end":{"line":36,"column":13}},"36":{"start":{"line":37,"column":0},"end":{"line":37,"column":12}},"37":{"start":{"line":38,"column":0},"end":{"line":38,"column":90}},"38":{"start":{"line":39,"column":0},"end":{"line":39,"column":40}},"39":{"start":{"line":40,"column":0},"end":{"line":40,"column":20}},"40":{"start":{"line":41,"column":0},"end":{"line":41,"column":71}},"41":{"start":{"line":42,"column":0},"end":{"line":42,"column":9}},"42":{"start":{"line":43,"column":0},"end":{"line":43,"column":6}},"43":{"start":{"line":44,"column":0},"end":{"line":44,"column":1}},"45":{"start":{"line":46,"column":0},"end":{"line":46,"column":30}}},"s":{"0":3,"2":3,"3":3,"4":3,"5":44,"6":44,"7":44,"8":44,"9":3,"10":3,"11":44,"12":2,"13":44,"14":44,"15":1,"16":44,"17":44,"18":2,"19":44,"20":36,"21":36,"22":44,"23":3,"24":44,"25":33,"26":33,"27":33,"28":44,"29":6,"30":44,"31":27,"32":27,"33":44,"34":6,"35":44,"36":21,"37":21,"38":21,"39":44,"40":31,"41":3,"42":3,"43":3,"45":1},"branchMap":{"0":{"type":"branch","line":1,"loc":{"start":{"line":1,"column":0},"end":{"line":46,"column":29}},"locations":[{"start":{"line":1,"column":0},"end":{"line":46,"column":29}}]},"1":{"type":"branch","line":5,"loc":{"start":{"line":5,"column":11},"end":{"line":42,"column":8}},"locations":[{"start":{"line":5,"column":11},"end":{"line":42,"column":8}}]},"2":{"type":"branch","line":9,"loc":{"start":{"line":9,"column":46},"end":{"line":11,"column":13}},"locations":[{"start":{"line":9,"column":46},"end":{"line":11,"column":13}}]},"3":{"type":"branch","line":11,"loc":{"start":{"line":11,"column":12},"end":{"line":12,"column":52}},"locations":[{"start":{"line":11,"column":12},"end":{"line":12,"column":52}}]},"4":{"type":"branch","line":12,"loc":{"start":{"line":12,"column":52},"end":{"line":14,"column":12}},"locations":[{"start":{"line":12,"column":52},"end":{"line":14,"column":12}}]},"5":{"type":"branch","line":14,"loc":{"start":{"line":14,"column":12},"end":{"line":15,"column":37}},"locations":[{"start":{"line":14,"column":12},"end":{"line":15,"column":37}}]},"6":{"type":"branch","line":15,"loc":{"start":{"line":15,"column":37},"end":{"line":17,"column":11}},"locations":[{"start":{"line":15,"column":37},"end":{"line":17,"column":11}}]},"7":{"type":"branch","line":17,"loc":{"start":{"line":17,"column":11},"end":{"line":18,"column":45}},"locations":[{"start":{"line":17,"column":11},"end":{"line":18,"column":45}}]},"8":{"type":"branch","line":18,"loc":{"start":{"line":18,"column":45},"end":{"line":20,"column":10}},"locations":[{"start":{"line":18,"column":45},"end":{"line":20,"column":10}}]},"9":{"type":"branch","line":20,"loc":{"start":{"line":20,"column":10},"end":{"line":23,"column":32}},"locations":[{"start":{"line":20,"column":10},"end":{"line":23,"column":32}}]},"10":{"type":"branch","line":23,"loc":{"start":{"line":23,"column":32},"end":{"line":25,"column":9}},"locations":[{"start":{"line":23,"column":32},"end":{"line":25,"column":9}}]},"11":{"type":"branch","line":25,"loc":{"start":{"line":25,"column":9},"end":{"line":29,"column":36}},"locations":[{"start":{"line":25,"column":9},"end":{"line":29,"column":36}}]},"12":{"type":"branch","line":29,"loc":{"start":{"line":29,"column":36},"end":{"line":31,"column":8}},"locations":[{"start":{"line":29,"column":36},"end":{"line":31,"column":8}}]},"13":{"type":"branch","line":31,"loc":{"start":{"line":31,"column":8},"end":{"line":34,"column":53}},"locations":[{"start":{"line":31,"column":8},"end":{"line":34,"column":53}}]},"14":{"type":"branch","line":34,"loc":{"start":{"line":34,"column":43},"end":{"line":36,"column":7}},"locations":[{"start":{"line":34,"column":43},"end":{"line":36,"column":7}}]},"15":{"type":"branch","line":36,"loc":{"start":{"line":36,"column":7},"end":{"line":40,"column":2}},"locations":[{"start":{"line":36,"column":7},"end":{"line":40,"column":2}}]},"16":{"type":"branch","line":40,"loc":{"start":{"line":40,"column":2},"end":{"line":42,"column":2}},"locations":[{"start":{"line":40,"column":2},"end":{"line":42,"column":2}}]},"17":{"type":"branch","line":28,"loc":{"start":{"line":28,"column":39},"end":{"line":28,"column":75}},"locations":[{"start":{"line":28,"column":39},"end":{"line":28,"column":75}}]}},"b":{"0":[3],"1":[44],"2":[3],"3":[41],"4":[2],"5":[39],"6":[1],"7":[38],"8":[2],"9":[36],"10":[3],"11":[33],"12":[6],"13":[27],"14":[6],"15":[21],"16":[31],"17":[39]},"fnMap":{"0":{"name":"registerUser","decl":{"start":{"line":5,"column":11},"end":{"line":42,"column":8}},"loc":{"start":{"line":5,"column":11},"end":{"line":42,"column":8}},"line":5}},"f":{"0":44}}
}
