{"/Users/domin/Documents/GitHub/spm-group5/backend/src/controllers/project.controller.js": {"path":"/Users/domin/Documents/GitHub/spm-group5/backend/src/controllers/project.controller.js","all":false,"statementMap":{"0":{"start":{"line":1,"column":0},"end":{"line":1,"column":61}},"2":{"start":{"line":3,"column":0},"end":{"line":3,"column":25}},"3":{"start":{"line":4,"column":0},"end":{"line":4,"column":35}},"4":{"start":{"line":5,"column":0},"end":{"line":5,"column":13}},"5":{"start":{"line":6,"column":0},"end":{"line":6,"column":40}},"6":{"start":{"line":7,"column":0},"end":{"line":7,"column":81}},"8":{"start":{"line":9,"column":0},"end":{"line":9,"column":34}},"9":{"start":{"line":10,"column":0},"end":{"line":10,"column":30}},"10":{"start":{"line":11,"column":0},"end":{"line":11,"column":56}},"11":{"start":{"line":12,"column":0},"end":{"line":12,"column":29}},"12":{"start":{"line":13,"column":0},"end":{"line":13,"column":15}},"13":{"start":{"line":14,"column":0},"end":{"line":14,"column":25}},"14":{"start":{"line":15,"column":0},"end":{"line":15,"column":34}},"15":{"start":{"line":16,"column":0},"end":{"line":16,"column":31}},"16":{"start":{"line":17,"column":0},"end":{"line":17,"column":38}},"17":{"start":{"line":18,"column":0},"end":{"line":18,"column":15}},"18":{"start":{"line":19,"column":0},"end":{"line":19,"column":9}},"19":{"start":{"line":20,"column":0},"end":{"line":20,"column":5}},"21":{"start":{"line":22,"column":0},"end":{"line":22,"column":33}},"22":{"start":{"line":23,"column":0},"end":{"line":23,"column":13}},"23":{"start":{"line":24,"column":0},"end":{"line":24,"column":40}},"24":{"start":{"line":25,"column":0},"end":{"line":25,"column":70}},"26":{"start":{"line":27,"column":0},"end":{"line":27,"column":34}},"27":{"start":{"line":28,"column":0},"end":{"line":28,"column":30}},"28":{"start":{"line":29,"column":0},"end":{"line":29,"column":30}},"29":{"start":{"line":30,"column":0},"end":{"line":30,"column":15}},"30":{"start":{"line":31,"column":0},"end":{"line":31,"column":25}},"31":{"start":{"line":32,"column":0},"end":{"line":32,"column":34}},"32":{"start":{"line":33,"column":0},"end":{"line":33,"column":31}},"33":{"start":{"line":34,"column":0},"end":{"line":34,"column":38}},"34":{"start":{"line":35,"column":0},"end":{"line":35,"column":15}},"35":{"start":{"line":36,"column":0},"end":{"line":36,"column":9}},"36":{"start":{"line":37,"column":0},"end":{"line":37,"column":5}},"38":{"start":{"line":39,"column":0},"end":{"line":39,"column":36}},"39":{"start":{"line":40,"column":0},"end":{"line":40,"column":13}},"40":{"start":{"line":41,"column":0},"end":{"line":41,"column":45}},"41":{"start":{"line":42,"column":0},"end":{"line":42,"column":75}},"43":{"start":{"line":44,"column":0},"end":{"line":44,"column":34}},"44":{"start":{"line":45,"column":0},"end":{"line":45,"column":30}},"45":{"start":{"line":46,"column":0},"end":{"line":46,"column":29}},"46":{"start":{"line":47,"column":0},"end":{"line":47,"column":15}},"47":{"start":{"line":48,"column":0},"end":{"line":48,"column":25}},"48":{"start":{"line":49,"column":0},"end":{"line":49,"column":81}},"49":{"start":{"line":50,"column":0},"end":{"line":50,"column":41}},"50":{"start":{"line":51,"column":0},"end":{"line":51,"column":31}},"51":{"start":{"line":52,"column":0},"end":{"line":52,"column":38}},"52":{"start":{"line":53,"column":0},"end":{"line":53,"column":15}},"53":{"start":{"line":54,"column":0},"end":{"line":54,"column":9}},"54":{"start":{"line":55,"column":0},"end":{"line":55,"column":5}},"56":{"start":{"line":57,"column":0},"end":{"line":57,"column":35}},"57":{"start":{"line":58,"column":0},"end":{"line":58,"column":13}},"58":{"start":{"line":59,"column":0},"end":{"line":59,"column":45}},"59":{"start":{"line":60,"column":0},"end":{"line":60,"column":40}},"61":{"start":{"line":62,"column":0},"end":{"line":62,"column":99}},"63":{"start":{"line":64,"column":0},"end":{"line":64,"column":34}},"64":{"start":{"line":65,"column":0},"end":{"line":65,"column":30}},"65":{"start":{"line":66,"column":0},"end":{"line":66,"column":56}},"66":{"start":{"line":67,"column":0},"end":{"line":67,"column":36}},"67":{"start":{"line":68,"column":0},"end":{"line":68,"column":15}},"68":{"start":{"line":69,"column":0},"end":{"line":69,"column":25}},"69":{"start":{"line":70,"column":0},"end":{"line":70,"column":70}},"70":{"start":{"line":71,"column":0},"end":{"line":71,"column":73}},"71":{"start":{"line":72,"column":0},"end":{"line":72,"column":41}},"72":{"start":{"line":73,"column":0},"end":{"line":73,"column":31}},"73":{"start":{"line":74,"column":0},"end":{"line":74,"column":38}},"74":{"start":{"line":75,"column":0},"end":{"line":75,"column":15}},"75":{"start":{"line":76,"column":0},"end":{"line":76,"column":9}},"76":{"start":{"line":77,"column":0},"end":{"line":77,"column":5}},"78":{"start":{"line":79,"column":0},"end":{"line":79,"column":35}},"79":{"start":{"line":80,"column":0},"end":{"line":80,"column":13}},"80":{"start":{"line":81,"column":0},"end":{"line":81,"column":45}},"81":{"start":{"line":82,"column":0},"end":{"line":82,"column":40}},"83":{"start":{"line":84,"column":0},"end":{"line":84,"column":66}},"85":{"start":{"line":86,"column":0},"end":{"line":86,"column":34}},"86":{"start":{"line":87,"column":0},"end":{"line":87,"column":30}},"87":{"start":{"line":88,"column":0},"end":{"line":88,"column":55}},"88":{"start":{"line":89,"column":0},"end":{"line":89,"column":15}},"89":{"start":{"line":90,"column":0},"end":{"line":90,"column":25}},"90":{"start":{"line":91,"column":0},"end":{"line":91,"column":76}},"91":{"start":{"line":92,"column":0},"end":{"line":92,"column":73}},"92":{"start":{"line":93,"column":0},"end":{"line":93,"column":41}},"93":{"start":{"line":94,"column":0},"end":{"line":94,"column":31}},"94":{"start":{"line":95,"column":0},"end":{"line":95,"column":38}},"95":{"start":{"line":96,"column":0},"end":{"line":96,"column":15}},"96":{"start":{"line":97,"column":0},"end":{"line":97,"column":9}},"97":{"start":{"line":98,"column":0},"end":{"line":98,"column":5}},"98":{"start":{"line":99,"column":0},"end":{"line":99,"column":1}},"100":{"start":{"line":101,"column":0},"end":{"line":101,"column":39}}},"s":{"0":1,"2":1,"3":1,"4":0,"5":0,"6":0,"8":0,"9":0,"10":0,"11":0,"12":0,"13":0,"14":0,"15":0,"16":0,"17":0,"18":0,"19":0,"21":1,"22":0,"23":0,"24":0,"26":0,"27":0,"28":0,"29":0,"30":0,"31":0,"32":0,"33":0,"34":0,"35":0,"36":0,"38":1,"39":0,"40":0,"41":0,"43":0,"44":0,"45":0,"46":0,"47":0,"48":0,"49":0,"50":0,"51":0,"52":0,"53":0,"54":0,"56":1,"57":0,"58":0,"59":0,"61":0,"63":0,"64":0,"65":0,"66":0,"67":0,"68":0,"69":0,"70":0,"71":0,"72":0,"73":0,"74":0,"75":0,"76":0,"78":1,"79":0,"80":0,"81":0,"83":0,"85":0,"86":0,"87":0,"88":0,"89":0,"90":0,"91":0,"92":0,"93":0,"94":0,"95":0,"96":0,"97":0,"98":1,"100":1},"branchMap":{},"b":{},"fnMap":{"0":{"name":"createProject","decl":{"start":{"line":4,"column":4},"end":{"line":20,"column":5}},"loc":{"start":{"line":4,"column":4},"end":{"line":20,"column":5}},"line":4},"1":{"name":"getProjects","decl":{"start":{"line":22,"column":4},"end":{"line":37,"column":5}},"loc":{"start":{"line":22,"column":4},"end":{"line":37,"column":5}},"line":22},"2":{"name":"getProjectById","decl":{"start":{"line":39,"column":4},"end":{"line":55,"column":5}},"loc":{"start":{"line":39,"column":4},"end":{"line":55,"column":5}},"line":39},"3":{"name":"updateProject","decl":{"start":{"line":57,"column":4},"end":{"line":77,"column":5}},"loc":{"start":{"line":57,"column":4},"end":{"line":77,"column":5}},"line":57},"4":{"name":"deleteProject","decl":{"start":{"line":79,"column":4},"end":{"line":98,"column":5}},"loc":{"start":{"line":79,"column":4},"end":{"line":98,"column":5}},"line":79}},"f":{"0":0,"1":0,"2":0,"3":0,"4":0}}
,"/Users/domin/Documents/GitHub/spm-group5/backend/src/controllers/task.controller.js": {"path":"/Users/domin/Documents/GitHub/spm-group5/backend/src/controllers/task.controller.js","all":false,"statementMap":{"0":{"start":{"line":1,"column":0},"end":{"line":1,"column":55}},"2":{"start":{"line":3,"column":0},"end":{"line":3,"column":22}},"3":{"start":{"line":4,"column":0},"end":{"line":4,"column":32}},"4":{"start":{"line":5,"column":0},"end":{"line":5,"column":13}},"5":{"start":{"line":6,"column":0},"end":{"line":6,"column":40}},"6":{"start":{"line":7,"column":0},"end":{"line":7,"column":72}},"8":{"start":{"line":9,"column":0},"end":{"line":9,"column":34}},"9":{"start":{"line":10,"column":0},"end":{"line":10,"column":30}},"10":{"start":{"line":11,"column":0},"end":{"line":11,"column":53}},"11":{"start":{"line":12,"column":0},"end":{"line":12,"column":26}},"12":{"start":{"line":13,"column":0},"end":{"line":13,"column":15}},"13":{"start":{"line":14,"column":0},"end":{"line":14,"column":25}},"14":{"start":{"line":15,"column":0},"end":{"line":15,"column":34}},"15":{"start":{"line":16,"column":0},"end":{"line":16,"column":31}},"16":{"start":{"line":17,"column":0},"end":{"line":17,"column":38}},"17":{"start":{"line":18,"column":0},"end":{"line":18,"column":15}},"18":{"start":{"line":19,"column":0},"end":{"line":19,"column":9}},"19":{"start":{"line":20,"column":0},"end":{"line":20,"column":5}},"21":{"start":{"line":22,"column":0},"end":{"line":22,"column":32}},"22":{"start":{"line":23,"column":0},"end":{"line":23,"column":13}},"23":{"start":{"line":24,"column":0},"end":{"line":24,"column":42}},"24":{"start":{"line":25,"column":0},"end":{"line":25,"column":40}},"26":{"start":{"line":27,"column":0},"end":{"line":27,"column":87}},"28":{"start":{"line":29,"column":0},"end":{"line":29,"column":34}},"29":{"start":{"line":30,"column":0},"end":{"line":30,"column":30}},"30":{"start":{"line":31,"column":0},"end":{"line":31,"column":53}},"31":{"start":{"line":32,"column":0},"end":{"line":32,"column":33}},"32":{"start":{"line":33,"column":0},"end":{"line":33,"column":15}},"33":{"start":{"line":34,"column":0},"end":{"line":34,"column":25}},"34":{"start":{"line":35,"column":0},"end":{"line":35,"column":34}},"35":{"start":{"line":36,"column":0},"end":{"line":36,"column":31}},"36":{"start":{"line":37,"column":0},"end":{"line":37,"column":38}},"37":{"start":{"line":38,"column":0},"end":{"line":38,"column":15}},"38":{"start":{"line":39,"column":0},"end":{"line":39,"column":9}},"39":{"start":{"line":40,"column":0},"end":{"line":40,"column":5}},"41":{"start":{"line":42,"column":0},"end":{"line":42,"column":30}},"42":{"start":{"line":43,"column":0},"end":{"line":43,"column":13}},"43":{"start":{"line":44,"column":0},"end":{"line":44,"column":31}},"45":{"start":{"line":46,"column":0},"end":{"line":46,"column":43}},"46":{"start":{"line":47,"column":0},"end":{"line":47,"column":45}},"47":{"start":{"line":48,"column":0},"end":{"line":48,"column":41}},"48":{"start":{"line":49,"column":0},"end":{"line":49,"column":48}},"49":{"start":{"line":50,"column":0},"end":{"line":50,"column":13}},"51":{"start":{"line":52,"column":0},"end":{"line":52,"column":46}},"52":{"start":{"line":53,"column":0},"end":{"line":53,"column":48}},"53":{"start":{"line":54,"column":0},"end":{"line":54,"column":44}},"54":{"start":{"line":55,"column":0},"end":{"line":55,"column":54}},"55":{"start":{"line":56,"column":0},"end":{"line":56,"column":13}},"57":{"start":{"line":58,"column":0},"end":{"line":58,"column":36}},"58":{"start":{"line":59,"column":0},"end":{"line":59,"column":52}},"59":{"start":{"line":60,"column":0},"end":{"line":60,"column":13}},"61":{"start":{"line":62,"column":0},"end":{"line":62,"column":50}},"62":{"start":{"line":63,"column":0},"end":{"line":63,"column":42}},"63":{"start":{"line":64,"column":0},"end":{"line":64,"column":13}},"65":{"start":{"line":66,"column":0},"end":{"line":66,"column":35}},"66":{"start":{"line":67,"column":0},"end":{"line":67,"column":50}},"67":{"start":{"line":68,"column":0},"end":{"line":68,"column":13}},"69":{"start":{"line":70,"column":0},"end":{"line":70,"column":62}},"71":{"start":{"line":72,"column":0},"end":{"line":72,"column":34}},"72":{"start":{"line":73,"column":0},"end":{"line":73,"column":30}},"73":{"start":{"line":74,"column":0},"end":{"line":74,"column":27}},"74":{"start":{"line":75,"column":0},"end":{"line":75,"column":15}},"75":{"start":{"line":76,"column":0},"end":{"line":76,"column":25}},"76":{"start":{"line":77,"column":0},"end":{"line":77,"column":34}},"77":{"start":{"line":78,"column":0},"end":{"line":78,"column":31}},"78":{"start":{"line":79,"column":0},"end":{"line":79,"column":38}},"79":{"start":{"line":80,"column":0},"end":{"line":80,"column":15}},"80":{"start":{"line":81,"column":0},"end":{"line":81,"column":9}},"81":{"start":{"line":82,"column":0},"end":{"line":82,"column":5}},"83":{"start":{"line":84,"column":0},"end":{"line":84,"column":33}},"84":{"start":{"line":85,"column":0},"end":{"line":85,"column":13}},"85":{"start":{"line":86,"column":0},"end":{"line":86,"column":42}},"86":{"start":{"line":87,"column":0},"end":{"line":87,"column":63}},"88":{"start":{"line":89,"column":0},"end":{"line":89,"column":34}},"89":{"start":{"line":90,"column":0},"end":{"line":90,"column":30}},"90":{"start":{"line":91,"column":0},"end":{"line":91,"column":26}},"91":{"start":{"line":92,"column":0},"end":{"line":92,"column":15}},"92":{"start":{"line":93,"column":0},"end":{"line":93,"column":25}},"93":{"start":{"line":94,"column":0},"end":{"line":94,"column":78}},"94":{"start":{"line":95,"column":0},"end":{"line":95,"column":41}},"95":{"start":{"line":96,"column":0},"end":{"line":96,"column":31}},"96":{"start":{"line":97,"column":0},"end":{"line":97,"column":38}},"97":{"start":{"line":98,"column":0},"end":{"line":98,"column":15}},"98":{"start":{"line":99,"column":0},"end":{"line":99,"column":9}},"99":{"start":{"line":100,"column":0},"end":{"line":100,"column":5}},"101":{"start":{"line":102,"column":0},"end":{"line":102,"column":32}},"102":{"start":{"line":103,"column":0},"end":{"line":103,"column":13}},"103":{"start":{"line":104,"column":0},"end":{"line":104,"column":42}},"104":{"start":{"line":105,"column":0},"end":{"line":105,"column":40}},"106":{"start":{"line":107,"column":0},"end":{"line":107,"column":57}},"108":{"start":{"line":109,"column":0},"end":{"line":109,"column":34}},"109":{"start":{"line":110,"column":0},"end":{"line":110,"column":30}},"110":{"start":{"line":111,"column":0},"end":{"line":111,"column":52}},"111":{"start":{"line":112,"column":0},"end":{"line":112,"column":15}},"112":{"start":{"line":113,"column":0},"end":{"line":113,"column":25}},"113":{"start":{"line":114,"column":0},"end":{"line":114,"column":73}},"114":{"start":{"line":115,"column":0},"end":{"line":115,"column":78}},"115":{"start":{"line":116,"column":0},"end":{"line":116,"column":41}},"116":{"start":{"line":117,"column":0},"end":{"line":117,"column":31}},"117":{"start":{"line":118,"column":0},"end":{"line":118,"column":38}},"118":{"start":{"line":119,"column":0},"end":{"line":119,"column":15}},"119":{"start":{"line":120,"column":0},"end":{"line":120,"column":9}},"120":{"start":{"line":121,"column":0},"end":{"line":121,"column":5}},"121":{"start":{"line":122,"column":0},"end":{"line":122,"column":1}},"123":{"start":{"line":124,"column":0},"end":{"line":124,"column":36}}},"s":{"0":1,"2":1,"3":1,"4":6,"5":6,"6":6,"8":3,"9":3,"10":3,"11":3,"12":3,"13":3,"14":3,"15":3,"16":3,"17":3,"18":3,"19":6,"21":1,"22":8,"23":8,"24":8,"26":8,"28":4,"29":4,"30":4,"31":4,"32":4,"33":4,"34":4,"35":4,"36":4,"37":4,"38":4,"39":8,"41":1,"42":11,"43":11,"45":11,"46":2,"47":11,"48":0,"49":0,"51":11,"52":1,"53":11,"54":0,"55":0,"57":11,"58":1,"59":1,"61":11,"62":2,"63":2,"65":11,"66":2,"67":2,"69":11,"71":10,"72":10,"73":10,"74":10,"75":11,"76":1,"77":1,"78":1,"79":1,"80":1,"81":11,"83":1,"84":5,"85":5,"86":5,"88":2,"89":2,"90":2,"91":2,"92":4,"93":3,"94":3,"95":3,"96":3,"97":3,"98":3,"99":5,"101":1,"102":7,"103":7,"104":7,"106":7,"108":2,"109":2,"110":2,"111":2,"112":7,"113":5,"114":5,"115":5,"116":5,"117":5,"118":5,"119":5,"120":7,"121":1,"123":1},"branchMap":{"0":{"type":"branch","line":4,"loc":{"start":{"line":4,"column":4},"end":{"line":20,"column":5}},"locations":[{"start":{"line":4,"column":4},"end":{"line":20,"column":5}}]},"1":{"type":"branch","line":7,"loc":{"start":{"line":7,"column":71},"end":{"line":19,"column":9}},"locations":[{"start":{"line":7,"column":71},"end":{"line":19,"column":9}}]},"2":{"type":"branch","line":22,"loc":{"start":{"line":22,"column":4},"end":{"line":40,"column":5}},"locations":[{"start":{"line":22,"column":4},"end":{"line":40,"column":5}}]},"3":{"type":"branch","line":27,"loc":{"start":{"line":27,"column":86},"end":{"line":39,"column":9}},"locations":[{"start":{"line":27,"column":86},"end":{"line":39,"column":9}}]},"4":{"type":"branch","line":42,"loc":{"start":{"line":42,"column":4},"end":{"line":82,"column":5}},"locations":[{"start":{"line":42,"column":4},"end":{"line":82,"column":5}}]},"5":{"type":"branch","line":46,"loc":{"start":{"line":46,"column":42},"end":{"line":48,"column":13}},"locations":[{"start":{"line":46,"column":42},"end":{"line":48,"column":13}}]},"6":{"type":"branch","line":48,"loc":{"start":{"line":48,"column":13},"end":{"line":50,"column":13}},"locations":[{"start":{"line":48,"column":13},"end":{"line":50,"column":13}}]},"7":{"type":"branch","line":48,"loc":{"start":{"line":48,"column":40},"end":{"line":50,"column":13}},"locations":[{"start":{"line":48,"column":40},"end":{"line":50,"column":13}}]},"8":{"type":"branch","line":52,"loc":{"start":{"line":52,"column":45},"end":{"line":54,"column":13}},"locations":[{"start":{"line":52,"column":45},"end":{"line":54,"column":13}}]},"9":{"type":"branch","line":54,"loc":{"start":{"line":54,"column":13},"end":{"line":56,"column":13}},"locations":[{"start":{"line":54,"column":13},"end":{"line":56,"column":13}}]},"10":{"type":"branch","line":54,"loc":{"start":{"line":54,"column":43},"end":{"line":56,"column":13}},"locations":[{"start":{"line":54,"column":43},"end":{"line":56,"column":13}}]},"11":{"type":"branch","line":58,"loc":{"start":{"line":58,"column":35},"end":{"line":60,"column":13}},"locations":[{"start":{"line":58,"column":35},"end":{"line":60,"column":13}}]},"12":{"type":"branch","line":62,"loc":{"start":{"line":62,"column":49},"end":{"line":64,"column":13}},"locations":[{"start":{"line":62,"column":49},"end":{"line":64,"column":13}}]},"13":{"type":"branch","line":66,"loc":{"start":{"line":66,"column":34},"end":{"line":68,"column":13}},"locations":[{"start":{"line":66,"column":34},"end":{"line":68,"column":13}}]},"14":{"type":"branch","line":70,"loc":{"start":{"line":70,"column":61},"end":{"line":76,"column":10}},"locations":[{"start":{"line":70,"column":61},"end":{"line":76,"column":10}}]},"15":{"type":"branch","line":76,"loc":{"start":{"line":76,"column":10},"end":{"line":81,"column":9}},"locations":[{"start":{"line":76,"column":10},"end":{"line":81,"column":9}}]},"16":{"type":"branch","line":84,"loc":{"start":{"line":84,"column":4},"end":{"line":100,"column":5}},"locations":[{"start":{"line":84,"column":4},"end":{"line":100,"column":5}}]},"17":{"type":"branch","line":87,"loc":{"start":{"line":87,"column":62},"end":{"line":99,"column":9}},"locations":[{"start":{"line":87,"column":62},"end":{"line":99,"column":9}}]},"18":{"type":"branch","line":87,"loc":{"start":{"line":87,"column":62},"end":{"line":93,"column":10}},"locations":[{"start":{"line":87,"column":62},"end":{"line":93,"column":10}}]},"19":{"type":"branch","line":93,"loc":{"start":{"line":93,"column":10},"end":{"line":99,"column":9}},"locations":[{"start":{"line":93,"column":10},"end":{"line":99,"column":9}}]},"20":{"type":"branch","line":94,"loc":{"start":{"line":94,"column":66},"end":{"line":94,"column":71}},"locations":[{"start":{"line":94,"column":66},"end":{"line":94,"column":71}}]},"21":{"type":"branch","line":94,"loc":{"start":{"line":94,"column":72},"end":{"line":94,"column":77}},"locations":[{"start":{"line":94,"column":72},"end":{"line":94,"column":77}}]},"22":{"type":"branch","line":102,"loc":{"start":{"line":102,"column":4},"end":{"line":121,"column":5}},"locations":[{"start":{"line":102,"column":4},"end":{"line":121,"column":5}}]},"23":{"type":"branch","line":107,"loc":{"start":{"line":107,"column":56},"end":{"line":113,"column":10}},"locations":[{"start":{"line":107,"column":56},"end":{"line":113,"column":10}}]},"24":{"type":"branch","line":113,"loc":{"start":{"line":113,"column":10},"end":{"line":120,"column":9}},"locations":[{"start":{"line":113,"column":10},"end":{"line":120,"column":9}}]},"25":{"type":"branch","line":114,"loc":{"start":{"line":114,"column":66},"end":{"line":114,"column":71}},"locations":[{"start":{"line":114,"column":66},"end":{"line":114,"column":71}}]},"26":{"type":"branch","line":114,"loc":{"start":{"line":114,"column":72},"end":{"line":115,"column":77}},"locations":[{"start":{"line":114,"column":72},"end":{"line":115,"column":77}}]},"27":{"type":"branch","line":115,"loc":{"start":{"line":115,"column":66},"end":{"line":115,"column":71}},"locations":[{"start":{"line":115,"column":66},"end":{"line":115,"column":71}}]},"28":{"type":"branch","line":115,"loc":{"start":{"line":115,"column":72},"end":{"line":115,"column":77}},"locations":[{"start":{"line":115,"column":72},"end":{"line":115,"column":77}}]}},"b":{"0":[6],"1":[3],"2":[8],"3":[4],"4":[11],"5":[2],"6":[9],"7":[0],"8":[1],"9":[10],"10":[0],"11":[1],"12":[2],"13":[2],"14":[10],"15":[1],"16":[5],"17":[4],"18":[2],"19":[3],"20":[2],"21":[1],"22":[7],"23":[2],"24":[5],"25":[2],"26":[3],"27":[2],"28":[1]},"fnMap":{"0":{"name":"createTask","decl":{"start":{"line":4,"column":4},"end":{"line":20,"column":5}},"loc":{"start":{"line":4,"column":4},"end":{"line":20,"column":5}},"line":4},"1":{"name":"updateTask","decl":{"start":{"line":22,"column":4},"end":{"line":40,"column":5}},"loc":{"start":{"line":22,"column":4},"end":{"line":40,"column":5}},"line":22},"2":{"name":"getTasks","decl":{"start":{"line":42,"column":4},"end":{"line":82,"column":5}},"loc":{"start":{"line":42,"column":4},"end":{"line":82,"column":5}},"line":42},"3":{"name":"getTaskById","decl":{"start":{"line":84,"column":4},"end":{"line":100,"column":5}},"loc":{"start":{"line":84,"column":4},"end":{"line":100,"column":5}},"line":84},"4":{"name":"deleteTask","decl":{"start":{"line":102,"column":4},"end":{"line":121,"column":5}},"loc":{"start":{"line":102,"column":4},"end":{"line":121,"column":5}},"line":102}},"f":{"0":6,"1":8,"2":11,"3":5,"4":7}}
,"/Users/domin/Documents/GitHub/spm-group5/backend/src/controllers/user.controller.js": {"path":"/Users/domin/Documents/GitHub/spm-group5/backend/src/controllers/user.controller.js","all":false,"statementMap":{"0":{"start":{"line":1,"column":0},"end":{"line":1,"column":100}},"2":{"start":{"line":3,"column":0},"end":{"line":3,"column":40}},"4":{"start":{"line":5,"column":0},"end":{"line":5,"column":43}},"5":{"start":{"line":6,"column":0},"end":{"line":6,"column":8}},"6":{"start":{"line":7,"column":0},"end":{"line":7,"column":48}},"7":{"start":{"line":8,"column":0},"end":{"line":8,"column":69}},"9":{"start":{"line":10,"column":0},"end":{"line":10,"column":52}},"10":{"start":{"line":11,"column":0},"end":{"line":11,"column":104}},"12":{"start":{"line":13,"column":0},"end":{"line":13,"column":31}},"13":{"start":{"line":14,"column":0},"end":{"line":14,"column":90}},"14":{"start":{"line":15,"column":0},"end":{"line":15,"column":9}},"15":{"start":{"line":16,"column":0},"end":{"line":16,"column":15}},"16":{"start":{"line":17,"column":0},"end":{"line":17,"column":47}},"17":{"start":{"line":18,"column":0},"end":{"line":18,"column":86}},"18":{"start":{"line":19,"column":0},"end":{"line":19,"column":5}},"19":{"start":{"line":20,"column":0},"end":{"line":20,"column":1}},"21":{"start":{"line":22,"column":0},"end":{"line":22,"column":40}},"22":{"start":{"line":23,"column":0},"end":{"line":23,"column":9}},"23":{"start":{"line":24,"column":0},"end":{"line":24,"column":54}},"24":{"start":{"line":25,"column":0},"end":{"line":25,"column":48}},"26":{"start":{"line":27,"column":0},"end":{"line":27,"column":35}},"27":{"start":{"line":28,"column":0},"end":{"line":28,"column":37}},"28":{"start":{"line":29,"column":0},"end":{"line":29,"column":41}},"29":{"start":{"line":30,"column":0},"end":{"line":30,"column":61}},"30":{"start":{"line":31,"column":0},"end":{"line":31,"column":15}},"31":{"start":{"line":32,"column":0},"end":{"line":32,"column":9}},"33":{"start":{"line":34,"column":0},"end":{"line":34,"column":57}},"34":{"start":{"line":35,"column":0},"end":{"line":35,"column":69}},"36":{"start":{"line":37,"column":0},"end":{"line":37,"column":27}},"37":{"start":{"line":38,"column":0},"end":{"line":38,"column":37}},"38":{"start":{"line":39,"column":0},"end":{"line":39,"column":45}},"39":{"start":{"line":40,"column":0},"end":{"line":40,"column":43}},"40":{"start":{"line":41,"column":0},"end":{"line":41,"column":53}},"41":{"start":{"line":42,"column":0},"end":{"line":42,"column":41}},"43":{"start":{"line":44,"column":0},"end":{"line":44,"column":57}},"44":{"start":{"line":45,"column":0},"end":{"line":45,"column":30}},"45":{"start":{"line":46,"column":0},"end":{"line":46,"column":40}},"46":{"start":{"line":47,"column":0},"end":{"line":47,"column":19}},"47":{"start":{"line":48,"column":0},"end":{"line":48,"column":28}},"48":{"start":{"line":49,"column":0},"end":{"line":49,"column":40}},"49":{"start":{"line":50,"column":0},"end":{"line":50,"column":34}},"50":{"start":{"line":51,"column":0},"end":{"line":51,"column":43}},"51":{"start":{"line":52,"column":0},"end":{"line":52,"column":13}},"52":{"start":{"line":53,"column":0},"end":{"line":53,"column":11}},"53":{"start":{"line":54,"column":0},"end":{"line":54,"column":19}},"54":{"start":{"line":55,"column":0},"end":{"line":55,"column":39}},"55":{"start":{"line":56,"column":0},"end":{"line":56,"column":30}},"56":{"start":{"line":57,"column":0},"end":{"line":57,"column":36}},"57":{"start":{"line":58,"column":0},"end":{"line":58,"column":30}},"58":{"start":{"line":59,"column":0},"end":{"line":59,"column":11}},"59":{"start":{"line":60,"column":0},"end":{"line":60,"column":5}},"60":{"start":{"line":61,"column":0},"end":{"line":61,"column":1}},"62":{"start":{"line":63,"column":0},"end":{"line":63,"column":41}},"63":{"start":{"line":64,"column":0},"end":{"line":64,"column":9}},"64":{"start":{"line":65,"column":0},"end":{"line":65,"column":30}},"65":{"start":{"line":66,"column":0},"end":{"line":66,"column":38}},"66":{"start":{"line":67,"column":0},"end":{"line":67,"column":22}},"67":{"start":{"line":68,"column":0},"end":{"line":68,"column":45}},"68":{"start":{"line":69,"column":0},"end":{"line":69,"column":51}},"69":{"start":{"line":70,"column":0},"end":{"line":70,"column":38}},"70":{"start":{"line":71,"column":0},"end":{"line":71,"column":19}},"71":{"start":{"line":72,"column":0},"end":{"line":72,"column":13}},"72":{"start":{"line":73,"column":0},"end":{"line":73,"column":12}},"73":{"start":{"line":74,"column":0},"end":{"line":74,"column":39}},"74":{"start":{"line":75,"column":0},"end":{"line":75,"column":74}},"75":{"start":{"line":76,"column":0},"end":{"line":76,"column":12}},"76":{"start":{"line":77,"column":0},"end":{"line":77,"column":34}},"77":{"start":{"line":78,"column":0},"end":{"line":78,"column":44}},"78":{"start":{"line":79,"column":0},"end":{"line":79,"column":15}},"79":{"start":{"line":80,"column":0},"end":{"line":80,"column":11}},"80":{"start":{"line":81,"column":0},"end":{"line":81,"column":19}},"81":{"start":{"line":82,"column":0},"end":{"line":82,"column":30}},"82":{"start":{"line":83,"column":0},"end":{"line":83,"column":43}},"83":{"start":{"line":84,"column":0},"end":{"line":84,"column":30}},"84":{"start":{"line":85,"column":0},"end":{"line":85,"column":11}},"85":{"start":{"line":86,"column":0},"end":{"line":86,"column":5}},"86":{"start":{"line":87,"column":0},"end":{"line":87,"column":1}},"88":{"start":{"line":89,"column":0},"end":{"line":89,"column":45}},"89":{"start":{"line":90,"column":0},"end":{"line":90,"column":9}},"90":{"start":{"line":91,"column":0},"end":{"line":91,"column":40}},"91":{"start":{"line":92,"column":0},"end":{"line":92,"column":57}},"92":{"start":{"line":93,"column":0},"end":{"line":93,"column":41}},"93":{"start":{"line":94,"column":0},"end":{"line":94,"column":44}},"94":{"start":{"line":95,"column":0},"end":{"line":95,"column":15}},"95":{"start":{"line":96,"column":0},"end":{"line":96,"column":9}},"97":{"start":{"line":98,"column":0},"end":{"line":98,"column":30}},"98":{"start":{"line":99,"column":0},"end":{"line":99,"column":19}},"99":{"start":{"line":100,"column":0},"end":{"line":100,"column":39}},"100":{"start":{"line":101,"column":0},"end":{"line":101,"column":47}},"101":{"start":{"line":102,"column":0},"end":{"line":102,"column":45}},"102":{"start":{"line":103,"column":0},"end":{"line":103,"column":54}},"103":{"start":{"line":104,"column":0},"end":{"line":104,"column":13}},"104":{"start":{"line":105,"column":0},"end":{"line":105,"column":11}},"105":{"start":{"line":106,"column":0},"end":{"line":106,"column":19}},"106":{"start":{"line":107,"column":0},"end":{"line":107,"column":30}},"107":{"start":{"line":108,"column":0},"end":{"line":108,"column":45}},"108":{"start":{"line":109,"column":0},"end":{"line":109,"column":30}},"109":{"start":{"line":110,"column":0},"end":{"line":110,"column":11}},"110":{"start":{"line":111,"column":0},"end":{"line":111,"column":5}},"111":{"start":{"line":112,"column":0},"end":{"line":112,"column":1}},"113":{"start":{"line":114,"column":0},"end":{"line":114,"column":16}},"114":{"start":{"line":115,"column":0},"end":{"line":115,"column":13}},"115":{"start":{"line":116,"column":0},"end":{"line":116,"column":10}},"116":{"start":{"line":117,"column":0},"end":{"line":117,"column":11}},"117":{"start":{"line":118,"column":0},"end":{"line":118,"column":14}},"118":{"start":{"line":119,"column":0},"end":{"line":119,"column":2}}},"s":{"0":1,"2":1,"4":1,"5":38,"6":38,"7":38,"9":38,"10":38,"12":18,"13":18,"14":18,"15":22,"16":20,"17":20,"18":20,"19":38,"21":1,"22":16,"23":16,"24":16,"26":16,"27":16,"28":5,"29":5,"30":5,"31":5,"33":11,"34":11,"36":9,"37":9,"38":9,"39":9,"40":9,"41":9,"43":9,"44":9,"45":9,"46":9,"47":9,"48":9,"49":9,"50":9,"51":9,"52":9,"53":16,"54":2,"55":2,"56":2,"57":2,"58":2,"59":2,"60":16,"62":1,"63":3,"64":3,"65":3,"66":3,"67":0,"68":0,"69":0,"70":0,"71":0,"72":3,"73":3,"74":3,"75":3,"76":3,"77":3,"78":3,"79":3,"80":3,"81":0,"82":0,"83":0,"84":0,"85":0,"86":3,"88":1,"89":6,"90":6,"91":6,"92":0,"93":0,"94":0,"95":0,"97":6,"98":6,"99":6,"100":6,"101":6,"102":6,"103":6,"104":6,"105":6,"106":0,"107":0,"108":0,"109":0,"110":0,"111":6,"113":1,"114":1,"115":1,"116":1,"117":1,"118":1},"branchMap":{"0":{"type":"branch","line":5,"loc":{"start":{"line":5,"column":17},"end":{"line":20,"column":1}},"locations":[{"start":{"line":5,"column":17},"end":{"line":20,"column":1}}]},"1":{"type":"branch","line":11,"loc":{"start":{"line":11,"column":103},"end":{"line":19,"column":5}},"locations":[{"start":{"line":11,"column":103},"end":{"line":19,"column":5}}]},"2":{"type":"branch","line":11,"loc":{"start":{"line":11,"column":103},"end":{"line":16,"column":4}},"locations":[{"start":{"line":11,"column":103},"end":{"line":16,"column":4}}]},"3":{"type":"branch","line":16,"loc":{"start":{"line":16,"column":4},"end":{"line":19,"column":5}},"locations":[{"start":{"line":16,"column":4},"end":{"line":19,"column":5}}]},"4":{"type":"branch","line":22,"loc":{"start":{"line":22,"column":14},"end":{"line":61,"column":1}},"locations":[{"start":{"line":22,"column":14},"end":{"line":61,"column":1}}]},"5":{"type":"branch","line":28,"loc":{"start":{"line":28,"column":22},"end":{"line":28,"column":34}},"locations":[{"start":{"line":28,"column":22},"end":{"line":28,"column":34}}]},"6":{"type":"branch","line":28,"loc":{"start":{"line":28,"column":36},"end":{"line":54,"column":6}},"locations":[{"start":{"line":28,"column":36},"end":{"line":54,"column":6}}]},"7":{"type":"branch","line":28,"loc":{"start":{"line":28,"column":36},"end":{"line":32,"column":9}},"locations":[{"start":{"line":28,"column":36},"end":{"line":32,"column":9}}]},"8":{"type":"branch","line":32,"loc":{"start":{"line":32,"column":8},"end":{"line":35,"column":69}},"locations":[{"start":{"line":32,"column":8},"end":{"line":35,"column":69}}]},"9":{"type":"branch","line":35,"loc":{"start":{"line":35,"column":68},"end":{"line":54,"column":6}},"locations":[{"start":{"line":35,"column":68},"end":{"line":54,"column":6}}]},"10":{"type":"branch","line":54,"loc":{"start":{"line":54,"column":6},"end":{"line":60,"column":5}},"locations":[{"start":{"line":54,"column":6},"end":{"line":60,"column":5}}]},"11":{"type":"branch","line":63,"loc":{"start":{"line":63,"column":15},"end":{"line":87,"column":1}},"locations":[{"start":{"line":63,"column":15},"end":{"line":87,"column":1}}]},"12":{"type":"branch","line":81,"loc":{"start":{"line":81,"column":6},"end":{"line":86,"column":5}},"locations":[{"start":{"line":81,"column":6},"end":{"line":86,"column":5}}]},"13":{"type":"branch","line":66,"loc":{"start":{"line":66,"column":28},"end":{"line":80,"column":9}},"locations":[{"start":{"line":66,"column":28},"end":{"line":80,"column":9}}]},"14":{"type":"branch","line":67,"loc":{"start":{"line":67,"column":21},"end":{"line":72,"column":13}},"locations":[{"start":{"line":67,"column":21},"end":{"line":72,"column":13}}]},"15":{"type":"branch","line":89,"loc":{"start":{"line":89,"column":19},"end":{"line":112,"column":1}},"locations":[{"start":{"line":89,"column":19},"end":{"line":112,"column":1}}]},"16":{"type":"branch","line":92,"loc":{"start":{"line":92,"column":56},"end":{"line":96,"column":9}},"locations":[{"start":{"line":92,"column":56},"end":{"line":96,"column":9}}]},"17":{"type":"branch","line":106,"loc":{"start":{"line":106,"column":6},"end":{"line":111,"column":5}},"locations":[{"start":{"line":106,"column":6},"end":{"line":111,"column":5}}]}},"b":{"0":[38],"1":[22],"2":[18],"3":[20],"4":[16],"5":[13],"6":[15],"7":[5],"8":[11],"9":[9],"10":[2],"11":[3],"12":[0],"13":[3],"14":[0],"15":[6],"16":[0],"17":[0]},"fnMap":{"0":{"name":"register","decl":{"start":{"line":5,"column":17},"end":{"line":20,"column":1}},"loc":{"start":{"line":5,"column":17},"end":{"line":20,"column":1}},"line":5},"1":{"name":"login","decl":{"start":{"line":22,"column":14},"end":{"line":61,"column":1}},"loc":{"start":{"line":22,"column":14},"end":{"line":61,"column":1}},"line":22},"2":{"name":"logout","decl":{"start":{"line":63,"column":15},"end":{"line":87,"column":1}},"loc":{"start":{"line":63,"column":15},"end":{"line":87,"column":1}},"line":63},"3":{"name":"getProfile","decl":{"start":{"line":89,"column":19},"end":{"line":112,"column":1}},"loc":{"start":{"line":89,"column":19},"end":{"line":112,"column":1}},"line":89}},"f":{"0":38,"1":16,"2":3,"3":6}}
,"/Users/domin/Documents/GitHub/spm-group5/backend/src/models/project.model.js": {"path":"/Users/domin/Documents/GitHub/spm-group5/backend/src/models/project.model.js","all":false,"statementMap":{"0":{"start":{"line":1,"column":0},"end":{"line":1,"column":32}},"1":{"start":{"line":2,"column":0},"end":{"line":2,"column":31}},"3":{"start":{"line":4,"column":0},"end":{"line":4,"column":34}},"4":{"start":{"line":5,"column":0},"end":{"line":5,"column":11}},"5":{"start":{"line":6,"column":0},"end":{"line":6,"column":21}},"6":{"start":{"line":7,"column":0},"end":{"line":7,"column":23}},"7":{"start":{"line":8,"column":0},"end":{"line":8,"column":19}},"8":{"start":{"line":9,"column":0},"end":{"line":9,"column":36}},"9":{"start":{"line":10,"column":0},"end":{"line":10,"column":68}},"10":{"start":{"line":11,"column":0},"end":{"line":11,"column":14}},"11":{"start":{"line":12,"column":0},"end":{"line":12,"column":62}},"12":{"start":{"line":13,"column":0},"end":{"line":13,"column":9}},"13":{"start":{"line":14,"column":0},"end":{"line":14,"column":6}},"14":{"start":{"line":15,"column":0},"end":{"line":15,"column":18}},"15":{"start":{"line":16,"column":0},"end":{"line":16,"column":21}},"16":{"start":{"line":17,"column":0},"end":{"line":17,"column":19}},"17":{"start":{"line":18,"column":0},"end":{"line":18,"column":6}},"18":{"start":{"line":19,"column":0},"end":{"line":19,"column":12}},"19":{"start":{"line":20,"column":0},"end":{"line":20,"column":36}},"20":{"start":{"line":21,"column":0},"end":{"line":21,"column":21}},"21":{"start":{"line":22,"column":0},"end":{"line":22,"column":22}},"22":{"start":{"line":23,"column":0},"end":{"line":23,"column":6}},"23":{"start":{"line":24,"column":0},"end":{"line":24,"column":15}},"24":{"start":{"line":25,"column":0},"end":{"line":25,"column":36}},"25":{"start":{"line":26,"column":0},"end":{"line":26,"column":20}},"26":{"start":{"line":27,"column":0},"end":{"line":27,"column":7}},"27":{"start":{"line":28,"column":0},"end":{"line":28,"column":13}},"28":{"start":{"line":29,"column":0},"end":{"line":29,"column":21}},"29":{"start":{"line":30,"column":0},"end":{"line":30,"column":50}},"30":{"start":{"line":31,"column":0},"end":{"line":31,"column":25}},"31":{"start":{"line":32,"column":0},"end":{"line":32,"column":6}},"32":{"start":{"line":33,"column":0},"end":{"line":33,"column":16}},"33":{"start":{"line":34,"column":0},"end":{"line":34,"column":19}},"34":{"start":{"line":35,"column":0},"end":{"line":35,"column":25}},"35":{"start":{"line":36,"column":0},"end":{"line":36,"column":6}},"36":{"start":{"line":37,"column":0},"end":{"line":37,"column":16}},"37":{"start":{"line":38,"column":0},"end":{"line":38,"column":19}},"38":{"start":{"line":39,"column":0},"end":{"line":39,"column":25}},"39":{"start":{"line":40,"column":0},"end":{"line":40,"column":5}},"40":{"start":{"line":41,"column":0},"end":{"line":41,"column":3}},"42":{"start":{"line":43,"column":0},"end":{"line":43,"column":42}},"43":{"start":{"line":44,"column":0},"end":{"line":44,"column":32}},"44":{"start":{"line":45,"column":0},"end":{"line":45,"column":11}},"45":{"start":{"line":46,"column":0},"end":{"line":46,"column":3}},"47":{"start":{"line":48,"column":0},"end":{"line":48,"column":91}},"49":{"start":{"line":50,"column":0},"end":{"line":50,"column":28}}},"s":{"0":1,"1":1,"3":1,"4":1,"5":1,"6":1,"7":1,"8":1,"9":23,"10":1,"11":1,"12":1,"13":1,"14":1,"15":1,"16":1,"17":1,"18":1,"19":1,"20":1,"21":1,"22":1,"23":1,"24":1,"25":1,"26":1,"27":1,"28":1,"29":1,"30":1,"31":1,"32":1,"33":1,"34":1,"35":1,"36":1,"37":1,"38":1,"39":1,"40":1,"42":1,"43":23,"44":23,"45":1,"47":1,"49":1},"branchMap":{"0":{"type":"branch","line":9,"loc":{"start":{"line":9,"column":23},"end":{"line":11,"column":13}},"locations":[{"start":{"line":9,"column":23},"end":{"line":11,"column":13}}]},"1":{"type":"branch","line":43,"loc":{"start":{"line":43,"column":26},"end":{"line":46,"column":2}},"locations":[{"start":{"line":43,"column":26},"end":{"line":46,"column":2}}]}},"b":{"0":[23],"1":[23]},"fnMap":{"0":{"name":"validator","decl":{"start":{"line":9,"column":23},"end":{"line":11,"column":13}},"loc":{"start":{"line":9,"column":23},"end":{"line":11,"column":13}},"line":9}},"f":{"0":23}}
,"/Users/domin/Documents/GitHub/spm-group5/backend/src/models/task.model.js": {"path":"/Users/domin/Documents/GitHub/spm-group5/backend/src/models/task.model.js","all":false,"statementMap":{"0":{"start":{"line":1,"column":0},"end":{"line":1,"column":32}},"1":{"start":{"line":2,"column":0},"end":{"line":2,"column":31}},"3":{"start":{"line":4,"column":0},"end":{"line":4,"column":31}},"4":{"start":{"line":5,"column":0},"end":{"line":5,"column":12}},"5":{"start":{"line":6,"column":0},"end":{"line":6,"column":21}},"6":{"start":{"line":7,"column":0},"end":{"line":7,"column":23}},"7":{"start":{"line":8,"column":0},"end":{"line":8,"column":19}},"8":{"start":{"line":9,"column":0},"end":{"line":9,"column":36}},"9":{"start":{"line":10,"column":0},"end":{"line":10,"column":68}},"10":{"start":{"line":11,"column":0},"end":{"line":11,"column":14}},"11":{"start":{"line":12,"column":0},"end":{"line":12,"column":55}},"12":{"start":{"line":13,"column":0},"end":{"line":13,"column":9}},"13":{"start":{"line":14,"column":0},"end":{"line":14,"column":6}},"14":{"start":{"line":15,"column":0},"end":{"line":15,"column":18}},"15":{"start":{"line":16,"column":0},"end":{"line":16,"column":21}},"16":{"start":{"line":17,"column":0},"end":{"line":17,"column":19}},"17":{"start":{"line":18,"column":0},"end":{"line":18,"column":6}},"18":{"start":{"line":19,"column":0},"end":{"line":19,"column":13}},"19":{"start":{"line":20,"column":0},"end":{"line":20,"column":21}},"20":{"start":{"line":21,"column":0},"end":{"line":21,"column":47}},"21":{"start":{"line":22,"column":0},"end":{"line":22,"column":25}},"22":{"start":{"line":23,"column":0},"end":{"line":23,"column":22}},"23":{"start":{"line":24,"column":0},"end":{"line":24,"column":6}},"24":{"start":{"line":25,"column":0},"end":{"line":25,"column":12}},"25":{"start":{"line":26,"column":0},"end":{"line":26,"column":36}},"26":{"start":{"line":27,"column":0},"end":{"line":27,"column":21}},"27":{"start":{"line":28,"column":0},"end":{"line":28,"column":22}},"28":{"start":{"line":29,"column":0},"end":{"line":29,"column":6}},"29":{"start":{"line":30,"column":0},"end":{"line":30,"column":15}},"30":{"start":{"line":31,"column":0},"end":{"line":31,"column":36}},"31":{"start":{"line":32,"column":0},"end":{"line":32,"column":21}},"32":{"start":{"line":33,"column":0},"end":{"line":33,"column":21}},"33":{"start":{"line":34,"column":0},"end":{"line":34,"column":6}},"34":{"start":{"line":35,"column":0},"end":{"line":35,"column":14}},"35":{"start":{"line":36,"column":0},"end":{"line":36,"column":36}},"36":{"start":{"line":37,"column":0},"end":{"line":37,"column":24}},"37":{"start":{"line":38,"column":0},"end":{"line":38,"column":21}},"38":{"start":{"line":39,"column":0},"end":{"line":39,"column":6}},"39":{"start":{"line":40,"column":0},"end":{"line":40,"column":14}},"40":{"start":{"line":41,"column":0},"end":{"line":41,"column":19}},"41":{"start":{"line":42,"column":0},"end":{"line":42,"column":22}},"42":{"start":{"line":43,"column":0},"end":{"line":43,"column":19}},"43":{"start":{"line":44,"column":0},"end":{"line":44,"column":36}},"44":{"start":{"line":45,"column":0},"end":{"line":45,"column":36}},"45":{"start":{"line":46,"column":0},"end":{"line":46,"column":41}},"46":{"start":{"line":47,"column":0},"end":{"line":47,"column":43}},"47":{"start":{"line":48,"column":0},"end":{"line":48,"column":44}},"48":{"start":{"line":49,"column":0},"end":{"line":49,"column":45}},"49":{"start":{"line":50,"column":0},"end":{"line":50,"column":40}},"50":{"start":{"line":51,"column":0},"end":{"line":51,"column":14}},"51":{"start":{"line":52,"column":0},"end":{"line":52,"column":53}},"52":{"start":{"line":53,"column":0},"end":{"line":53,"column":9}},"53":{"start":{"line":54,"column":0},"end":{"line":54,"column":6}},"54":{"start":{"line":55,"column":0},"end":{"line":55,"column":16}},"55":{"start":{"line":56,"column":0},"end":{"line":56,"column":19}},"56":{"start":{"line":57,"column":0},"end":{"line":57,"column":25}},"57":{"start":{"line":58,"column":0},"end":{"line":58,"column":6}},"58":{"start":{"line":59,"column":0},"end":{"line":59,"column":16}},"59":{"start":{"line":60,"column":0},"end":{"line":60,"column":19}},"60":{"start":{"line":61,"column":0},"end":{"line":61,"column":25}},"61":{"start":{"line":62,"column":0},"end":{"line":62,"column":5}},"62":{"start":{"line":63,"column":0},"end":{"line":63,"column":3}},"64":{"start":{"line":65,"column":0},"end":{"line":65,"column":39}},"65":{"start":{"line":66,"column":0},"end":{"line":66,"column":32}},"66":{"start":{"line":67,"column":0},"end":{"line":67,"column":11}},"67":{"start":{"line":68,"column":0},"end":{"line":68,"column":3}},"69":{"start":{"line":70,"column":0},"end":{"line":70,"column":72}},"71":{"start":{"line":72,"column":0},"end":{"line":72,"column":20}}},"s":{"0":1,"1":1,"3":1,"4":1,"5":1,"6":1,"7":1,"8":1,"9":58,"10":1,"11":1,"12":1,"13":1,"14":1,"15":1,"16":1,"17":1,"18":1,"19":1,"20":1,"21":1,"22":1,"23":1,"24":1,"25":1,"26":1,"27":1,"28":1,"29":1,"30":1,"31":1,"32":1,"33":1,"34":1,"35":1,"36":1,"37":1,"38":1,"39":1,"40":1,"41":1,"42":1,"43":1,"44":58,"45":5,"46":5,"47":5,"48":5,"49":5,"50":1,"51":1,"52":1,"53":1,"54":1,"55":1,"56":1,"57":1,"58":1,"59":1,"60":1,"61":1,"62":1,"64":1,"65":56,"66":56,"67":1,"69":1,"71":1},"branchMap":{"0":{"type":"branch","line":9,"loc":{"start":{"line":9,"column":23},"end":{"line":11,"column":13}},"locations":[{"start":{"line":9,"column":23},"end":{"line":11,"column":13}}]},"1":{"type":"branch","line":44,"loc":{"start":{"line":44,"column":23},"end":{"line":51,"column":13}},"locations":[{"start":{"line":44,"column":23},"end":{"line":51,"column":13}}]},"2":{"type":"branch","line":45,"loc":{"start":{"line":45,"column":24},"end":{"line":45,"column":36}},"locations":[{"start":{"line":45,"column":24},"end":{"line":45,"column":36}}]},"3":{"type":"branch","line":45,"loc":{"start":{"line":45,"column":35},"end":{"line":51,"column":12}},"locations":[{"start":{"line":45,"column":35},"end":{"line":51,"column":12}}]},"4":{"type":"branch","line":65,"loc":{"start":{"line":65,"column":23},"end":{"line":68,"column":2}},"locations":[{"start":{"line":65,"column":23},"end":{"line":68,"column":2}}]}},"b":{"0":[58],"1":[58],"2":[53],"3":[5],"4":[56]},"fnMap":{"0":{"name":"validator","decl":{"start":{"line":9,"column":23},"end":{"line":11,"column":13}},"loc":{"start":{"line":9,"column":23},"end":{"line":11,"column":13}},"line":9},"1":{"name":"validator","decl":{"start":{"line":44,"column":23},"end":{"line":51,"column":13}},"loc":{"start":{"line":44,"column":23},"end":{"line":51,"column":13}},"line":44}},"f":{"0":58,"1":58}}
,"/Users/domin/Documents/GitHub/spm-group5/backend/src/models/user.model.js": {"path":"/Users/domin/Documents/GitHub/spm-group5/backend/src/models/user.model.js","all":false,"statementMap":{"0":{"start":{"line":1,"column":0},"end":{"line":1,"column":74}},"1":{"start":{"line":2,"column":0},"end":{"line":2,"column":81}},"2":{"start":{"line":3,"column":0},"end":{"line":3,"column":65}},"3":{"start":{"line":4,"column":0},"end":{"line":4,"column":61}},"5":{"start":{"line":6,"column":0},"end":{"line":6,"column":24}},"6":{"start":{"line":7,"column":0},"end":{"line":7,"column":31}},"7":{"start":{"line":8,"column":0},"end":{"line":8,"column":14}},"8":{"start":{"line":9,"column":0},"end":{"line":9,"column":21}},"9":{"start":{"line":10,"column":0},"end":{"line":10,"column":23}},"10":{"start":{"line":11,"column":0},"end":{"line":11,"column":21}},"11":{"start":{"line":12,"column":0},"end":{"line":12,"column":19}},"12":{"start":{"line":13,"column":0},"end":{"line":13,"column":36}},"13":{"start":{"line":14,"column":0},"end":{"line":14,"column":68}},"14":{"start":{"line":15,"column":0},"end":{"line":15,"column":14}},"15":{"start":{"line":16,"column":0},"end":{"line":16,"column":58}},"16":{"start":{"line":17,"column":0},"end":{"line":17,"column":9}},"17":{"start":{"line":18,"column":0},"end":{"line":18,"column":6}},"18":{"start":{"line":19,"column":0},"end":{"line":19,"column":11}},"19":{"start":{"line":20,"column":0},"end":{"line":20,"column":23}},"20":{"start":{"line":21,"column":0},"end":{"line":21,"column":43}},"21":{"start":{"line":22,"column":0},"end":{"line":22,"column":23}},"22":{"start":{"line":23,"column":0},"end":{"line":23,"column":19}},"23":{"start":{"line":24,"column":0},"end":{"line":24,"column":36}},"24":{"start":{"line":25,"column":0},"end":{"line":25,"column":101}},"25":{"start":{"line":26,"column":0},"end":{"line":26,"column":14}},"26":{"start":{"line":27,"column":0},"end":{"line":27,"column":65}},"27":{"start":{"line":28,"column":0},"end":{"line":28,"column":9}},"28":{"start":{"line":29,"column":0},"end":{"line":29,"column":6}},"29":{"start":{"line":30,"column":0},"end":{"line":30,"column":16}},"30":{"start":{"line":31,"column":0},"end":{"line":31,"column":21}},"31":{"start":{"line":32,"column":0},"end":{"line":32,"column":102}},"32":{"start":{"line":33,"column":0},"end":{"line":33,"column":23}},"33":{"start":{"line":34,"column":0},"end":{"line":34,"column":19}},"34":{"start":{"line":35,"column":0},"end":{"line":35,"column":36}},"35":{"start":{"line":36,"column":0},"end":{"line":36,"column":68}},"36":{"start":{"line":37,"column":0},"end":{"line":37,"column":14}},"37":{"start":{"line":38,"column":0},"end":{"line":38,"column":60}},"38":{"start":{"line":39,"column":0},"end":{"line":39,"column":9}},"39":{"start":{"line":40,"column":0},"end":{"line":40,"column":6}},"40":{"start":{"line":41,"column":0},"end":{"line":41,"column":21}},"41":{"start":{"line":42,"column":0},"end":{"line":42,"column":21}},"42":{"start":{"line":43,"column":0},"end":{"line":43,"column":23}},"43":{"start":{"line":44,"column":0},"end":{"line":44,"column":19}},"44":{"start":{"line":45,"column":0},"end":{"line":45,"column":36}},"45":{"start":{"line":46,"column":0},"end":{"line":46,"column":68}},"46":{"start":{"line":47,"column":0},"end":{"line":47,"column":14}},"47":{"start":{"line":48,"column":0},"end":{"line":48,"column":58}},"48":{"start":{"line":49,"column":0},"end":{"line":49,"column":9}},"49":{"start":{"line":50,"column":0},"end":{"line":50,"column":6}},"50":{"start":{"line":51,"column":0},"end":{"line":51,"column":3}},"52":{"start":{"line":53,"column":0},"end":{"line":53,"column":40}},"53":{"start":{"line":54,"column":0},"end":{"line":54,"column":8}},"54":{"start":{"line":55,"column":0},"end":{"line":55,"column":51}},"55":{"start":{"line":56,"column":0},"end":{"line":56,"column":24}},"56":{"start":{"line":57,"column":0},"end":{"line":57,"column":46}},"57":{"start":{"line":58,"column":0},"end":{"line":58,"column":76}},"59":{"start":{"line":60,"column":0},"end":{"line":60,"column":36}},"60":{"start":{"line":61,"column":0},"end":{"line":61,"column":47}},"63":{"start":{"line":64,"column":0},"end":{"line":64,"column":17}},"64":{"start":{"line":65,"column":0},"end":{"line":65,"column":18}},"65":{"start":{"line":66,"column":0},"end":{"line":66,"column":5}},"66":{"start":{"line":67,"column":0},"end":{"line":67,"column":2}},"68":{"start":{"line":69,"column":0},"end":{"line":69,"column":112}},"70":{"start":{"line":71,"column":0},"end":{"line":71,"column":74}}},"s":{"0":1,"1":1,"2":1,"3":1,"5":1,"6":1,"7":1,"8":1,"9":1,"10":1,"11":1,"12":1,"13":94,"14":1,"15":1,"16":1,"17":1,"18":1,"19":1,"20":1,"21":1,"22":1,"23":1,"24":98,"25":1,"26":1,"27":1,"28":1,"29":1,"30":1,"31":1,"32":1,"33":1,"34":1,"35":93,"36":1,"37":1,"38":1,"39":1,"40":1,"41":1,"42":1,"43":1,"44":1,"45":94,"46":1,"47":1,"48":1,"49":1,"50":1,"52":1,"53":79,"54":79,"55":79,"56":79,"57":79,"59":79,"60":79,"63":79,"64":0,"65":0,"66":79,"68":1,"70":1},"branchMap":{"0":{"type":"branch","line":13,"loc":{"start":{"line":13,"column":23},"end":{"line":15,"column":13}},"locations":[{"start":{"line":13,"column":23},"end":{"line":15,"column":13}}]},"1":{"type":"branch","line":24,"loc":{"start":{"line":24,"column":23},"end":{"line":26,"column":13}},"locations":[{"start":{"line":24,"column":23},"end":{"line":26,"column":13}}]},"2":{"type":"branch","line":25,"loc":{"start":{"line":25,"column":56},"end":{"line":25,"column":100}},"locations":[{"start":{"line":25,"column":56},"end":{"line":25,"column":100}}]},"3":{"type":"branch","line":25,"loc":{"start":{"line":25,"column":67},"end":{"line":25,"column":99}},"locations":[{"start":{"line":25,"column":67},"end":{"line":25,"column":99}}]},"4":{"type":"branch","line":35,"loc":{"start":{"line":35,"column":23},"end":{"line":37,"column":13}},"locations":[{"start":{"line":35,"column":23},"end":{"line":37,"column":13}}]},"5":{"type":"branch","line":45,"loc":{"start":{"line":45,"column":23},"end":{"line":47,"column":13}},"locations":[{"start":{"line":45,"column":23},"end":{"line":47,"column":13}}]},"6":{"type":"branch","line":53,"loc":{"start":{"line":53,"column":23},"end":{"line":67,"column":2}},"locations":[{"start":{"line":53,"column":23},"end":{"line":67,"column":2}}]},"7":{"type":"branch","line":64,"loc":{"start":{"line":64,"column":6},"end":{"line":66,"column":5}},"locations":[{"start":{"line":64,"column":6},"end":{"line":66,"column":5}}]}},"b":{"0":[94],"1":[98],"2":[96],"3":[104],"4":[93],"5":[94],"6":[79],"7":[0]},"fnMap":{"0":{"name":"validator","decl":{"start":{"line":13,"column":23},"end":{"line":15,"column":13}},"loc":{"start":{"line":13,"column":23},"end":{"line":15,"column":13}},"line":13},"1":{"name":"validator","decl":{"start":{"line":24,"column":23},"end":{"line":26,"column":13}},"loc":{"start":{"line":24,"column":23},"end":{"line":26,"column":13}},"line":24},"2":{"name":"validator","decl":{"start":{"line":35,"column":23},"end":{"line":37,"column":13}},"loc":{"start":{"line":35,"column":23},"end":{"line":37,"column":13}},"line":35},"3":{"name":"validator","decl":{"start":{"line":45,"column":23},"end":{"line":47,"column":13}},"loc":{"start":{"line":45,"column":23},"end":{"line":47,"column":13}},"line":45}},"f":{"0":94,"1":98,"2":93,"3":94}}
,"/Users/domin/Documents/GitHub/spm-group5/backend/src/routes/project.router.js": {"path":"/Users/domin/Documents/GitHub/spm-group5/backend/src/routes/project.router.js","all":false,"statementMap":{"0":{"start":{"line":1,"column":0},"end":{"line":1,"column":30}},"1":{"start":{"line":2,"column":0},"end":{"line":2,"column":32}},"2":{"start":{"line":3,"column":0},"end":{"line":3,"column":69}},"3":{"start":{"line":4,"column":0},"end":{"line":4,"column":63}},"5":{"start":{"line":6,"column":0},"end":{"line":6,"column":71}},"6":{"start":{"line":7,"column":0},"end":{"line":7,"column":68}},"7":{"start":{"line":8,"column":0},"end":{"line":8,"column":82}},"8":{"start":{"line":9,"column":0},"end":{"line":9,"column":81}},"9":{"start":{"line":10,"column":0},"end":{"line":10,"column":84}},"11":{"start":{"line":12,"column":0},"end":{"line":12,"column":22}}},"s":{"0":1,"1":1,"2":1,"3":1,"5":1,"6":1,"7":1,"8":1,"9":1,"11":1},"branchMap":{},"b":{},"fnMap":{},"f":{}}
,"/Users/domin/Documents/GitHub/spm-group5/backend/src/routes/task.router.js": {"path":"/Users/domin/Documents/GitHub/spm-group5/backend/src/routes/task.router.js","all":false,"statementMap":{"0":{"start":{"line":1,"column":0},"end":{"line":1,"column":30}},"1":{"start":{"line":2,"column":0},"end":{"line":2,"column":32}},"2":{"start":{"line":3,"column":0},"end":{"line":3,"column":63}},"3":{"start":{"line":4,"column":0},"end":{"line":4,"column":63}},"5":{"start":{"line":6,"column":0},"end":{"line":6,"column":62}},"6":{"start":{"line":7,"column":0},"end":{"line":7,"column":69}},"7":{"start":{"line":8,"column":0},"end":{"line":8,"column":59}},"8":{"start":{"line":9,"column":0},"end":{"line":9,"column":70}},"9":{"start":{"line":10,"column":0},"end":{"line":10,"column":72}},"11":{"start":{"line":12,"column":0},"end":{"line":12,"column":22}}},"s":{"0":1,"1":1,"2":1,"3":1,"5":1,"6":1,"7":1,"8":1,"9":1,"11":1},"branchMap":{},"b":{},"fnMap":{},"f":{}}
,"/Users/domin/Documents/GitHub/spm-group5/backend/src/routes/user.router.js": {"path":"/Users/domin/Documents/GitHub/spm-group5/backend/src/routes/user.router.js","all":false,"statementMap":{"0":{"start":{"line":1,"column":0},"end":{"line":1,"column":30}},"1":{"start":{"line":2,"column":0},"end":{"line":2,"column":61}},"2":{"start":{"line":3,"column":0},"end":{"line":3,"column":92}},"3":{"start":{"line":4,"column":0},"end":{"line":4,"column":98}},"5":{"start":{"line":6,"column":0},"end":{"line":6,"column":45}},"6":{"start":{"line":7,"column":0},"end":{"line":7,"column":80}},"7":{"start":{"line":8,"column":0},"end":{"line":8,"column":67}},"8":{"start":{"line":9,"column":0},"end":{"line":9,"column":70}},"10":{"start":{"line":11,"column":0},"end":{"line":11,"column":45}},"11":{"start":{"line":12,"column":0},"end":{"line":12,"column":96}},"13":{"start":{"line":14,"column":0},"end":{"line":14,"column":67}}},"s":{"0":1,"1":1,"2":1,"3":1,"5":1,"6":1,"7":1,"8":1,"10":1,"11":1,"13":1},"branchMap":{},"b":{},"fnMap":{},"f":{}}
,"/Users/domin/Documents/GitHub/spm-group5/backend/src/services/project.services.js": {"path":"/Users/domin/Documents/GitHub/spm-group5/backend/src/services/project.services.js","all":false,"statementMap":{"0":{"start":{"line":1,"column":0},"end":{"line":1,"column":49}},"2":{"start":{"line":3,"column":0},"end":{"line":3,"column":22}},"3":{"start":{"line":4,"column":0},"end":{"line":4,"column":46}},"4":{"start":{"line":5,"column":0},"end":{"line":5,"column":59}},"6":{"start":{"line":7,"column":0},"end":{"line":7,"column":42}},"7":{"start":{"line":8,"column":0},"end":{"line":8,"column":56}},"8":{"start":{"line":9,"column":0},"end":{"line":9,"column":9}},"10":{"start":{"line":11,"column":0},"end":{"line":11,"column":40}},"11":{"start":{"line":12,"column":0},"end":{"line":12,"column":30}},"12":{"start":{"line":13,"column":0},"end":{"line":13,"column":43}},"13":{"start":{"line":14,"column":0},"end":{"line":14,"column":26}},"14":{"start":{"line":15,"column":0},"end":{"line":15,"column":41}},"15":{"start":{"line":16,"column":0},"end":{"line":16,"column":29}},"16":{"start":{"line":17,"column":0},"end":{"line":17,"column":34}},"17":{"start":{"line":18,"column":0},"end":{"line":18,"column":33}},"18":{"start":{"line":19,"column":0},"end":{"line":19,"column":11}},"20":{"start":{"line":21,"column":0},"end":{"line":21,"column":39}},"21":{"start":{"line":22,"column":0},"end":{"line":22,"column":5}},"23":{"start":{"line":24,"column":0},"end":{"line":24,"column":31}},"24":{"start":{"line":25,"column":0},"end":{"line":25,"column":35}},"25":{"start":{"line":26,"column":0},"end":{"line":26,"column":18}},"26":{"start":{"line":27,"column":0},"end":{"line":27,"column":34}},"27":{"start":{"line":28,"column":0},"end":{"line":28,"column":35}},"28":{"start":{"line":29,"column":0},"end":{"line":29,"column":13}},"29":{"start":{"line":30,"column":0},"end":{"line":30,"column":10}},"30":{"start":{"line":31,"column":0},"end":{"line":31,"column":38}},"31":{"start":{"line":32,"column":0},"end":{"line":32,"column":40}},"32":{"start":{"line":33,"column":0},"end":{"line":33,"column":33}},"33":{"start":{"line":34,"column":0},"end":{"line":34,"column":5}},"35":{"start":{"line":36,"column":0},"end":{"line":36,"column":37}},"36":{"start":{"line":37,"column":0},"end":{"line":37,"column":57}},"37":{"start":{"line":38,"column":0},"end":{"line":38,"column":42}},"38":{"start":{"line":39,"column":0},"end":{"line":39,"column":45}},"40":{"start":{"line":41,"column":0},"end":{"line":41,"column":23}},"41":{"start":{"line":42,"column":0},"end":{"line":42,"column":49}},"42":{"start":{"line":43,"column":0},"end":{"line":43,"column":9}},"44":{"start":{"line":45,"column":0},"end":{"line":45,"column":23}},"45":{"start":{"line":46,"column":0},"end":{"line":46,"column":5}},"47":{"start":{"line":48,"column":0},"end":{"line":48,"column":56}},"48":{"start":{"line":49,"column":0},"end":{"line":49,"column":58}},"50":{"start":{"line":51,"column":0},"end":{"line":51,"column":23}},"51":{"start":{"line":52,"column":0},"end":{"line":52,"column":49}},"52":{"start":{"line":53,"column":0},"end":{"line":53,"column":9}},"54":{"start":{"line":55,"column":0},"end":{"line":55,"column":50}},"55":{"start":{"line":56,"column":0},"end":{"line":56,"column":73}},"56":{"start":{"line":57,"column":0},"end":{"line":57,"column":9}},"58":{"start":{"line":59,"column":0},"end":{"line":59,"column":44}},"59":{"start":{"line":60,"column":0},"end":{"line":60,"column":68}},"60":{"start":{"line":61,"column":0},"end":{"line":61,"column":64}},"61":{"start":{"line":62,"column":0},"end":{"line":62,"column":13}},"62":{"start":{"line":63,"column":0},"end":{"line":63,"column":50}},"63":{"start":{"line":64,"column":0},"end":{"line":64,"column":9}},"65":{"start":{"line":66,"column":0},"end":{"line":66,"column":51}},"66":{"start":{"line":67,"column":0},"end":{"line":67,"column":57}},"67":{"start":{"line":68,"column":0},"end":{"line":68,"column":9}},"69":{"start":{"line":70,"column":0},"end":{"line":70,"column":46}},"70":{"start":{"line":71,"column":0},"end":{"line":71,"column":47}},"71":{"start":{"line":72,"column":0},"end":{"line":72,"column":9}},"73":{"start":{"line":74,"column":0},"end":{"line":74,"column":47}},"74":{"start":{"line":75,"column":0},"end":{"line":75,"column":49}},"75":{"start":{"line":76,"column":0},"end":{"line":76,"column":9}},"77":{"start":{"line":78,"column":0},"end":{"line":78,"column":39}},"78":{"start":{"line":79,"column":0},"end":{"line":79,"column":36}},"79":{"start":{"line":80,"column":0},"end":{"line":80,"column":5}},"81":{"start":{"line":82,"column":0},"end":{"line":82,"column":44}},"82":{"start":{"line":83,"column":0},"end":{"line":83,"column":58}},"84":{"start":{"line":85,"column":0},"end":{"line":85,"column":23}},"85":{"start":{"line":86,"column":0},"end":{"line":86,"column":49}},"86":{"start":{"line":87,"column":0},"end":{"line":87,"column":9}},"88":{"start":{"line":89,"column":0},"end":{"line":89,"column":50}},"89":{"start":{"line":90,"column":0},"end":{"line":90,"column":73}},"90":{"start":{"line":91,"column":0},"end":{"line":91,"column":9}},"92":{"start":{"line":93,"column":0},"end":{"line":93,"column":58}},"93":{"start":{"line":94,"column":0},"end":{"line":94,"column":5}},"94":{"start":{"line":95,"column":0},"end":{"line":95,"column":1}},"96":{"start":{"line":97,"column":0},"end":{"line":97,"column":36}}},"s":{"0":1,"2":1,"3":1,"4":0,"6":0,"7":0,"8":0,"10":0,"11":0,"12":0,"13":0,"14":0,"15":0,"16":0,"17":0,"18":0,"20":0,"21":0,"23":1,"24":0,"25":0,"26":0,"27":0,"28":0,"29":0,"30":0,"31":0,"32":0,"33":0,"35":1,"36":0,"37":0,"38":0,"40":0,"41":0,"42":0,"44":0,"45":0,"47":1,"48":0,"50":0,"51":0,"52":0,"54":0,"55":0,"56":0,"58":0,"59":0,"60":0,"61":0,"62":0,"63":0,"65":0,"66":0,"67":0,"69":0,"70":0,"71":0,"73":0,"74":0,"75":0,"77":0,"78":0,"79":0,"81":1,"82":0,"84":0,"85":0,"86":0,"88":0,"89":0,"90":0,"92":0,"93":0,"94":1,"96":1},"branchMap":{},"b":{},"fnMap":{"0":{"name":"createProject","decl":{"start":{"line":4,"column":4},"end":{"line":22,"column":5}},"loc":{"start":{"line":4,"column":4},"end":{"line":22,"column":5}},"line":4},"1":{"name":"getProjects","decl":{"start":{"line":24,"column":4},"end":{"line":34,"column":5}},"loc":{"start":{"line":24,"column":4},"end":{"line":34,"column":5}},"line":24},"2":{"name":"getProjectById","decl":{"start":{"line":36,"column":4},"end":{"line":46,"column":5}},"loc":{"start":{"line":36,"column":4},"end":{"line":46,"column":5}},"line":36},"3":{"name":"updateProject","decl":{"start":{"line":48,"column":4},"end":{"line":80,"column":5}},"loc":{"start":{"line":48,"column":4},"end":{"line":80,"column":5}},"line":48},"4":{"name":"deleteProject","decl":{"start":{"line":82,"column":4},"end":{"line":94,"column":5}},"loc":{"start":{"line":82,"column":4},"end":{"line":94,"column":5}},"line":82}},"f":{"0":0,"1":0,"2":0,"3":0,"4":0}}
,"/Users/domin/Documents/GitHub/spm-group5/backend/src/services/task.services.js": {"path":"/Users/domin/Documents/GitHub/spm-group5/backend/src/services/task.services.js","all":false,"statementMap":{"0":{"start":{"line":1,"column":0},"end":{"line":1,"column":43}},"1":{"start":{"line":2,"column":0},"end":{"line":2,"column":49}},"3":{"start":{"line":4,"column":0},"end":{"line":4,"column":19}},"4":{"start":{"line":5,"column":0},"end":{"line":5,"column":40}},"5":{"start":{"line":6,"column":0},"end":{"line":6,"column":76}},"7":{"start":{"line":8,"column":0},"end":{"line":8,"column":44}},"8":{"start":{"line":9,"column":0},"end":{"line":9,"column":54}},"9":{"start":{"line":10,"column":0},"end":{"line":10,"column":9}},"11":{"start":{"line":12,"column":0},"end":{"line":12,"column":29}},"12":{"start":{"line":13,"column":0},"end":{"line":13,"column":32}},"13":{"start":{"line":14,"column":0},"end":{"line":14,"column":43}},"14":{"start":{"line":15,"column":0},"end":{"line":15,"column":28}},"15":{"start":{"line":16,"column":0},"end":{"line":16,"column":26}},"16":{"start":{"line":17,"column":0},"end":{"line":17,"column":41}},"17":{"start":{"line":18,"column":0},"end":{"line":18,"column":34}},"18":{"start":{"line":19,"column":0},"end":{"line":19,"column":33}},"19":{"start":{"line":20,"column":0},"end":{"line":20,"column":10}},"21":{"start":{"line":22,"column":0},"end":{"line":22,"column":22}},"22":{"start":{"line":23,"column":0},"end":{"line":23,"column":52}},"23":{"start":{"line":24,"column":0},"end":{"line":24,"column":37}},"24":{"start":{"line":25,"column":0},"end":{"line":25,"column":39}},"26":{"start":{"line":27,"column":0},"end":{"line":27,"column":40}},"27":{"start":{"line":28,"column":0},"end":{"line":28,"column":66}},"28":{"start":{"line":29,"column":0},"end":{"line":29,"column":13}},"29":{"start":{"line":30,"column":0},"end":{"line":30,"column":48}},"30":{"start":{"line":31,"column":0},"end":{"line":31,"column":9}},"32":{"start":{"line":33,"column":0},"end":{"line":33,"column":22}},"33":{"start":{"line":34,"column":0},"end":{"line":34,"column":66}},"34":{"start":{"line":35,"column":0},"end":{"line":35,"column":33}},"35":{"start":{"line":36,"column":0},"end":{"line":36,"column":67}},"36":{"start":{"line":37,"column":0},"end":{"line":37,"column":13}},"37":{"start":{"line":38,"column":0},"end":{"line":38,"column":42}},"38":{"start":{"line":39,"column":0},"end":{"line":39,"column":9}},"40":{"start":{"line":41,"column":0},"end":{"line":41,"column":43}},"41":{"start":{"line":42,"column":0},"end":{"line":42,"column":33}},"42":{"start":{"line":43,"column":0},"end":{"line":43,"column":5}},"44":{"start":{"line":45,"column":0},"end":{"line":45,"column":50}},"45":{"start":{"line":46,"column":0},"end":{"line":46,"column":92}},"46":{"start":{"line":47,"column":0},"end":{"line":47,"column":45}},"47":{"start":{"line":48,"column":0},"end":{"line":48,"column":70}},"48":{"start":{"line":49,"column":0},"end":{"line":49,"column":62}},"49":{"start":{"line":50,"column":0},"end":{"line":50,"column":13}},"50":{"start":{"line":51,"column":0},"end":{"line":51,"column":9}},"52":{"start":{"line":53,"column":0},"end":{"line":53,"column":69}},"53":{"start":{"line":54,"column":0},"end":{"line":54,"column":63}},"54":{"start":{"line":55,"column":0},"end":{"line":55,"column":37}},"55":{"start":{"line":56,"column":0},"end":{"line":56,"column":39}},"57":{"start":{"line":58,"column":0},"end":{"line":58,"column":40}},"58":{"start":{"line":59,"column":0},"end":{"line":59,"column":66}},"59":{"start":{"line":60,"column":0},"end":{"line":60,"column":13}},"60":{"start":{"line":61,"column":0},"end":{"line":61,"column":9}},"62":{"start":{"line":63,"column":0},"end":{"line":63,"column":39}},"63":{"start":{"line":64,"column":0},"end":{"line":64,"column":49}},"65":{"start":{"line":66,"column":0},"end":{"line":66,"column":20}},"66":{"start":{"line":67,"column":0},"end":{"line":67,"column":46}},"67":{"start":{"line":68,"column":0},"end":{"line":68,"column":9}},"69":{"start":{"line":70,"column":0},"end":{"line":70,"column":53}},"70":{"start":{"line":71,"column":0},"end":{"line":71,"column":76}},"71":{"start":{"line":72,"column":0},"end":{"line":72,"column":76}},"73":{"start":{"line":74,"column":0},"end":{"line":74,"column":29}},"74":{"start":{"line":75,"column":0},"end":{"line":75,"column":78}},"75":{"start":{"line":76,"column":0},"end":{"line":76,"column":9}},"77":{"start":{"line":78,"column":0},"end":{"line":78,"column":42}},"78":{"start":{"line":79,"column":0},"end":{"line":79,"column":45}},"79":{"start":{"line":80,"column":0},"end":{"line":80,"column":49}},"80":{"start":{"line":81,"column":0},"end":{"line":81,"column":9}},"82":{"start":{"line":83,"column":0},"end":{"line":83,"column":47}},"83":{"start":{"line":84,"column":0},"end":{"line":84,"column":37}},"84":{"start":{"line":85,"column":0},"end":{"line":85,"column":60}},"85":{"start":{"line":86,"column":0},"end":{"line":86,"column":20}},"86":{"start":{"line":87,"column":0},"end":{"line":87,"column":36}},"87":{"start":{"line":88,"column":0},"end":{"line":88,"column":13}},"88":{"start":{"line":89,"column":0},"end":{"line":89,"column":9}},"90":{"start":{"line":91,"column":0},"end":{"line":91,"column":51}},"91":{"start":{"line":92,"column":0},"end":{"line":92,"column":54}},"92":{"start":{"line":93,"column":0},"end":{"line":93,"column":9}},"94":{"start":{"line":95,"column":0},"end":{"line":95,"column":46}},"95":{"start":{"line":96,"column":0},"end":{"line":96,"column":44}},"96":{"start":{"line":97,"column":0},"end":{"line":97,"column":9}},"98":{"start":{"line":99,"column":0},"end":{"line":99,"column":48}},"99":{"start":{"line":100,"column":0},"end":{"line":100,"column":48}},"100":{"start":{"line":101,"column":0},"end":{"line":101,"column":9}},"102":{"start":{"line":103,"column":0},"end":{"line":103,"column":47}},"103":{"start":{"line":104,"column":0},"end":{"line":104,"column":37}},"104":{"start":{"line":105,"column":0},"end":{"line":105,"column":81}},"105":{"start":{"line":106,"column":0},"end":{"line":106,"column":37}},"106":{"start":{"line":107,"column":0},"end":{"line":107,"column":71}},"107":{"start":{"line":108,"column":0},"end":{"line":108,"column":17}},"108":{"start":{"line":109,"column":0},"end":{"line":109,"column":50}},"109":{"start":{"line":110,"column":0},"end":{"line":110,"column":20}},"110":{"start":{"line":111,"column":0},"end":{"line":111,"column":36}},"111":{"start":{"line":112,"column":0},"end":{"line":112,"column":13}},"112":{"start":{"line":113,"column":0},"end":{"line":113,"column":9}},"114":{"start":{"line":115,"column":0},"end":{"line":115,"column":36}},"115":{"start":{"line":116,"column":0},"end":{"line":116,"column":33}},"116":{"start":{"line":117,"column":0},"end":{"line":117,"column":5}},"118":{"start":{"line":119,"column":0},"end":{"line":119,"column":34}},"119":{"start":{"line":120,"column":0},"end":{"line":120,"column":25}},"121":{"start":{"line":122,"column":0},"end":{"line":122,"column":28}},"122":{"start":{"line":123,"column":0},"end":{"line":123,"column":40}},"123":{"start":{"line":124,"column":0},"end":{"line":124,"column":9}},"125":{"start":{"line":126,"column":0},"end":{"line":126,"column":31}},"126":{"start":{"line":127,"column":0},"end":{"line":127,"column":46}},"127":{"start":{"line":128,"column":0},"end":{"line":128,"column":9}},"129":{"start":{"line":130,"column":0},"end":{"line":130,"column":30}},"130":{"start":{"line":131,"column":0},"end":{"line":131,"column":44}},"131":{"start":{"line":132,"column":0},"end":{"line":132,"column":40}},"132":{"start":{"line":133,"column":0},"end":{"line":133,"column":33}},"133":{"start":{"line":134,"column":0},"end":{"line":134,"column":9}},"135":{"start":{"line":136,"column":0},"end":{"line":136,"column":29}},"136":{"start":{"line":137,"column":0},"end":{"line":137,"column":42}},"137":{"start":{"line":138,"column":0},"end":{"line":138,"column":9}},"139":{"start":{"line":140,"column":0},"end":{"line":140,"column":37}},"140":{"start":{"line":141,"column":0},"end":{"line":141,"column":42}},"141":{"start":{"line":142,"column":0},"end":{"line":142,"column":45}},"142":{"start":{"line":143,"column":0},"end":{"line":143,"column":40}},"143":{"start":{"line":144,"column":0},"end":{"line":144,"column":37}},"144":{"start":{"line":145,"column":0},"end":{"line":145,"column":5}},"146":{"start":{"line":147,"column":0},"end":{"line":147,"column":31}},"147":{"start":{"line":148,"column":0},"end":{"line":148,"column":48}},"148":{"start":{"line":149,"column":0},"end":{"line":149,"column":42}},"149":{"start":{"line":150,"column":0},"end":{"line":150,"column":45}},"150":{"start":{"line":151,"column":0},"end":{"line":151,"column":41}},"152":{"start":{"line":153,"column":0},"end":{"line":153,"column":20}},"153":{"start":{"line":154,"column":0},"end":{"line":154,"column":46}},"154":{"start":{"line":155,"column":0},"end":{"line":155,"column":9}},"156":{"start":{"line":157,"column":0},"end":{"line":157,"column":20}},"157":{"start":{"line":158,"column":0},"end":{"line":158,"column":5}},"159":{"start":{"line":160,"column":0},"end":{"line":160,"column":38}},"160":{"start":{"line":161,"column":0},"end":{"line":161,"column":49}},"162":{"start":{"line":163,"column":0},"end":{"line":163,"column":20}},"163":{"start":{"line":164,"column":0},"end":{"line":164,"column":46}},"164":{"start":{"line":165,"column":0},"end":{"line":165,"column":9}},"166":{"start":{"line":167,"column":0},"end":{"line":167,"column":58}},"167":{"start":{"line":168,"column":0},"end":{"line":168,"column":78}},"168":{"start":{"line":169,"column":0},"end":{"line":169,"column":9}},"170":{"start":{"line":171,"column":0},"end":{"line":171,"column":52}},"171":{"start":{"line":172,"column":0},"end":{"line":172,"column":5}},"172":{"start":{"line":173,"column":0},"end":{"line":173,"column":1}},"174":{"start":{"line":175,"column":0},"end":{"line":175,"column":33}}},"s":{"0":1,"1":1,"3":1,"4":1,"5":9,"7":9,"8":2,"9":2,"11":7,"12":7,"13":9,"14":9,"15":9,"16":9,"17":9,"18":9,"19":9,"21":9,"22":2,"23":2,"24":2,"26":2,"27":2,"28":2,"29":0,"30":0,"32":9,"33":3,"34":3,"35":1,"36":1,"37":2,"38":2,"40":4,"41":4,"42":9,"44":1,"45":11,"46":11,"47":6,"48":2,"49":2,"50":6,"52":11,"53":3,"54":3,"55":3,"57":3,"58":1,"59":1,"60":3,"62":8,"63":8,"65":11,"66":0,"67":0,"69":8,"70":11,"71":11,"73":11,"74":2,"75":2,"77":6,"78":11,"79":2,"80":2,"82":11,"83":3,"84":2,"85":2,"86":1,"87":1,"88":3,"90":11,"91":0,"92":0,"94":11,"95":2,"96":2,"98":11,"99":0,"100":0,"102":11,"103":0,"104":0,"105":0,"106":0,"107":0,"108":0,"109":0,"110":0,"111":0,"112":0,"114":6,"115":6,"116":11,"118":1,"119":8,"121":8,"122":1,"123":1,"125":8,"126":0,"127":0,"129":8,"130":1,"131":8,"132":2,"133":2,"135":8,"136":2,"137":2,"139":8,"140":8,"141":8,"142":8,"143":8,"144":8,"146":1,"147":2,"148":2,"149":2,"150":2,"152":2,"153":1,"154":1,"156":1,"157":2,"159":1,"160":6,"162":6,"163":2,"164":2,"166":6,"167":2,"168":2,"170":2,"171":6,"172":1,"174":1},"branchMap":{"0":{"type":"branch","line":5,"loc":{"start":{"line":5,"column":4},"end":{"line":43,"column":5}},"locations":[{"start":{"line":5,"column":4},"end":{"line":43,"column":5}}]},"1":{"type":"branch","line":8,"loc":{"start":{"line":8,"column":19},"end":{"line":8,"column":41}},"locations":[{"start":{"line":8,"column":19},"end":{"line":8,"column":41}}]},"2":{"type":"branch","line":8,"loc":{"start":{"line":8,"column":43},"end":{"line":10,"column":9}},"locations":[{"start":{"line":8,"column":43},"end":{"line":10,"column":9}}]},"3":{"type":"branch","line":10,"loc":{"start":{"line":10,"column":8},"end":{"line":14,"column":37}},"locations":[{"start":{"line":10,"column":8},"end":{"line":14,"column":37}}]},"4":{"type":"branch","line":14,"loc":{"start":{"line":14,"column":37},"end":{"line":14,"column":42}},"locations":[{"start":{"line":14,"column":37},"end":{"line":14,"column":42}}]},"5":{"type":"branch","line":17,"loc":{"start":{"line":17,"column":31},"end":{"line":17,"column":40}},"locations":[{"start":{"line":17,"column":31},"end":{"line":17,"column":40}}]},"6":{"type":"branch","line":22,"loc":{"start":{"line":22,"column":21},"end":{"line":31,"column":9}},"locations":[{"start":{"line":22,"column":21},"end":{"line":31,"column":9}}]},"7":{"type":"branch","line":29,"loc":{"start":{"line":29,"column":12},"end":{"line":31,"column":9}},"locations":[{"start":{"line":29,"column":12},"end":{"line":31,"column":9}}]},"8":{"type":"branch","line":31,"loc":{"start":{"line":31,"column":8},"end":{"line":33,"column":21}},"locations":[{"start":{"line":31,"column":8},"end":{"line":33,"column":21}}]},"9":{"type":"branch","line":33,"loc":{"start":{"line":33,"column":21},"end":{"line":39,"column":9}},"locations":[{"start":{"line":33,"column":21},"end":{"line":39,"column":9}}]},"10":{"type":"branch","line":35,"loc":{"start":{"line":35,"column":32},"end":{"line":39,"column":9}},"locations":[{"start":{"line":35,"column":32},"end":{"line":39,"column":9}}]},"11":{"type":"branch","line":35,"loc":{"start":{"line":35,"column":32},"end":{"line":37,"column":13}},"locations":[{"start":{"line":35,"column":32},"end":{"line":37,"column":13}}]},"12":{"type":"branch","line":39,"loc":{"start":{"line":39,"column":8},"end":{"line":43,"column":4}},"locations":[{"start":{"line":39,"column":8},"end":{"line":43,"column":4}}]},"13":{"type":"branch","line":45,"loc":{"start":{"line":45,"column":4},"end":{"line":117,"column":5}},"locations":[{"start":{"line":45,"column":4},"end":{"line":117,"column":5}}]},"14":{"type":"branch","line":47,"loc":{"start":{"line":47,"column":44},"end":{"line":51,"column":9}},"locations":[{"start":{"line":47,"column":44},"end":{"line":51,"column":9}}]},"15":{"type":"branch","line":48,"loc":{"start":{"line":48,"column":34},"end":{"line":48,"column":67}},"locations":[{"start":{"line":48,"column":34},"end":{"line":48,"column":67}}]},"16":{"type":"branch","line":48,"loc":{"start":{"line":48,"column":69},"end":{"line":50,"column":13}},"locations":[{"start":{"line":48,"column":69},"end":{"line":50,"column":13}}]},"17":{"type":"branch","line":51,"loc":{"start":{"line":51,"column":8},"end":{"line":53,"column":45}},"locations":[{"start":{"line":51,"column":8},"end":{"line":53,"column":45}}]},"18":{"type":"branch","line":53,"loc":{"start":{"line":53,"column":45},"end":{"line":53,"column":66}},"locations":[{"start":{"line":53,"column":45},"end":{"line":53,"column":66}}]},"19":{"type":"branch","line":53,"loc":{"start":{"line":53,"column":68},"end":{"line":61,"column":9}},"locations":[{"start":{"line":53,"column":68},"end":{"line":61,"column":9}}]},"20":{"type":"branch","line":58,"loc":{"start":{"line":58,"column":39},"end":{"line":60,"column":13}},"locations":[{"start":{"line":58,"column":39},"end":{"line":60,"column":13}}]},"21":{"type":"branch","line":61,"loc":{"start":{"line":61,"column":8},"end":{"line":66,"column":19}},"locations":[{"start":{"line":61,"column":8},"end":{"line":66,"column":19}}]},"22":{"type":"branch","line":66,"loc":{"start":{"line":66,"column":19},"end":{"line":68,"column":9}},"locations":[{"start":{"line":66,"column":19},"end":{"line":68,"column":9}}]},"23":{"type":"branch","line":68,"loc":{"start":{"line":68,"column":8},"end":{"line":71,"column":74}},"locations":[{"start":{"line":68,"column":8},"end":{"line":71,"column":74}}]},"24":{"type":"branch","line":71,"loc":{"start":{"line":71,"column":74},"end":{"line":72,"column":75}},"locations":[{"start":{"line":71,"column":74},"end":{"line":72,"column":75}}]},"25":{"type":"branch","line":74,"loc":{"start":{"line":74,"column":28},"end":{"line":76,"column":9}},"locations":[{"start":{"line":74,"column":28},"end":{"line":76,"column":9}}]},"26":{"type":"branch","line":76,"loc":{"start":{"line":76,"column":8},"end":{"line":79,"column":44}},"locations":[{"start":{"line":76,"column":8},"end":{"line":79,"column":44}}]},"27":{"type":"branch","line":79,"loc":{"start":{"line":79,"column":44},"end":{"line":81,"column":9}},"locations":[{"start":{"line":79,"column":44},"end":{"line":81,"column":9}}]},"28":{"type":"branch","line":81,"loc":{"start":{"line":81,"column":8},"end":{"line":83,"column":46}},"locations":[{"start":{"line":81,"column":8},"end":{"line":83,"column":46}}]},"29":{"type":"branch","line":83,"loc":{"start":{"line":83,"column":46},"end":{"line":89,"column":9}},"locations":[{"start":{"line":83,"column":46},"end":{"line":89,"column":9}}]},"30":{"type":"branch","line":84,"loc":{"start":{"line":84,"column":36},"end":{"line":88,"column":13}},"locations":[{"start":{"line":84,"column":36},"end":{"line":88,"column":13}}]},"31":{"type":"branch","line":86,"loc":{"start":{"line":86,"column":13},"end":{"line":88,"column":13}},"locations":[{"start":{"line":86,"column":13},"end":{"line":88,"column":13}}]},"32":{"type":"branch","line":89,"loc":{"start":{"line":89,"column":8},"end":{"line":91,"column":50}},"locations":[{"start":{"line":89,"column":8},"end":{"line":91,"column":50}}]},"33":{"type":"branch","line":91,"loc":{"start":{"line":91,"column":50},"end":{"line":93,"column":9}},"locations":[{"start":{"line":91,"column":50},"end":{"line":93,"column":9}}]},"34":{"type":"branch","line":93,"loc":{"start":{"line":93,"column":8},"end":{"line":95,"column":45}},"locations":[{"start":{"line":93,"column":8},"end":{"line":95,"column":45}}]},"35":{"type":"branch","line":95,"loc":{"start":{"line":95,"column":45},"end":{"line":97,"column":9}},"locations":[{"start":{"line":95,"column":45},"end":{"line":97,"column":9}}]},"36":{"type":"branch","line":97,"loc":{"start":{"line":97,"column":8},"end":{"line":99,"column":47}},"locations":[{"start":{"line":97,"column":8},"end":{"line":99,"column":47}}]},"3
[...]
ch","line":113,"loc":{"start":{"line":113,"column":8},"end":{"line":117,"column":4}},"locations":[{"start":{"line":113,"column":8},"end":{"line":117,"column":4}}]},"41":{"type":"branch","line":119,"loc":{"start":{"line":119,"column":4},"end":{"line":145,"column":5}},"locations":[{"start":{"line":119,"column":4},"end":{"line":145,"column":5}}]},"42":{"type":"branch","line":122,"loc":{"start":{"line":122,"column":27},"end":{"line":124,"column":9}},"locations":[{"start":{"line":122,"column":27},"end":{"line":124,"column":9}}]},"43":{"type":"branch","line":126,"loc":{"start":{"line":126,"column":30},"end":{"line":128,"column":9}},"locations":[{"start":{"line":126,"column":30},"end":{"line":128,"column":9}}]},"44":{"type":"branch","line":130,"loc":{"start":{"line":130,"column":29},"end":{"line":132,"column":9}},"locations":[{"start":{"line":130,"column":29},"end":{"line":132,"column":9}}]},"45":{"type":"branch","line":132,"loc":{"start":{"line":132,"column":9},"end":{"line":134,"column":9}},"locations":[{"start":{"line":132,"column":9},"end":{"line":134,"column":9}}]},"46":{"type":"branch","line":132,"loc":{"start":{"line":132,"column":39},"end":{"line":134,"column":9}},"locations":[{"start":{"line":132,"column":39},"end":{"line":134,"column":9}}]},"47":{"type":"branch","line":136,"loc":{"start":{"line":136,"column":28},"end":{"line":138,"column":9}},"locations":[{"start":{"line":136,"column":28},"end":{"line":138,"column":9}}]},"48":{"type":"branch","line":147,"loc":{"start":{"line":147,"column":4},"end":{"line":158,"column":5}},"locations":[{"start":{"line":147,"column":4},"end":{"line":158,"column":5}}]},"49":{"type":"branch","line":153,"loc":{"start":{"line":153,"column":19},"end":{"line":158,"column":4}},"locations":[{"start":{"line":153,"column":19},"end":{"line":158,"column":4}}]},"50":{"type":"branch","line":160,"loc":{"start":{"line":160,"column":4},"end":{"line":172,"column":5}},"locations":[{"start":{"line":160,"column":4},"end":{"line":172,"column":5}}]},"51":{"type":"branch","line":163,"loc":{"start":{"line":163,"column":19},"end":{"line":165,"column":9}},"locations":[{"start":{"line":163,"column":19},"end":{"line":165,"column":9}}]},"52":{"type":"branch","line":165,"loc":{"start":{"line":165,"column":8},"end":{"line":167,"column":57}},"locations":[{"start":{"line":165,"column":8},"end":{"line":167,"column":57}}]},"53":{"type":"branch","line":167,"loc":{"start":{"line":167,"column":57},"end":{"line":172,"column":4}},"locations":[{"start":{"line":167,"column":57},"end":{"line":172,"column":4}}]}},"b":{"0":[9],"1":[7],"2":[2],"3":[7],"4":[5],"5":[7],"6":[2],"7":[0],"8":[5],"9":[3],"10":[2],"11":[1],"12":[4],"13":[11],"14":[6],"15":[4],"16":[2],"17":[9],"18":[4],"19":[3],"20":[1],"21":[8],"22":[0],"23":[8],"24":[3],"25":[2],"26":[6],"27":[2],"28":[6],"29":[3],"30":[2],"31":[1],"32":[6],"33":[0],"34":[6],"35":[2],"36":[6],"37":[0],"38":[6],"39":[0],"40":[6],"41":[8],"42":[1],"43":[0],"44":[1],"45":[7],"46":[2],"47":[2],"48":[2],"49":[1],"50":[6],"51":[2],"52":[4],"53":[2]},"fnMap":{"0":{"name":"createTask","decl":{"start":{"line":5,"column":4},"end":{"line":43,"column":5}},"loc":{"start":{"line":5,"column":4},"end":{"line":43,"column":5}},"line":5},"1":{"name":"updateTask","decl":{"start":{"line":45,"column":4},"end":{"line":117,"column":5}},"loc":{"start":{"line":45,"column":4},"end":{"line":117,"column":5}},"line":45},"2":{"name":"getTasks","decl":{"start":{"line":119,"column":4},"end":{"line":145,"column":5}},"loc":{"start":{"line":119,"column":4},"end":{"line":145,"column":5}},"line":119},"3":{"name":"getTaskById","decl":{"start":{"line":147,"column":4},"end":{"line":158,"column":5}},"loc":{"start":{"line":147,"column":4},"end":{"line":158,"column":5}},"line":147},"4":{"name":"deleteTask","decl":{"start":{"line":160,"column":4},"end":{"line":172,"column":5}},"loc":{"start":{"line":160,"column":4},"end":{"line":172,"column":5}},"line":160}},"f":{"0":9,"1":11,"2":8,"3":2,"4":6}}
,"/Users/domin/Documents/GitHub/spm-group5/backend/src/services/user.services.js": {"path":"/Users/domin/Documents/GitHub/spm-group5/backend/src/services/user.services.js","all":false,"statementMap":{"0":{"start":{"line":1,"column":0},"end":{"line":1,"column":72}},"1":{"start":{"line":2,"column":0},"end":{"line":2,"column":68}},"3":{"start":{"line":4,"column":0},"end":{"line":4,"column":20}},"4":{"start":{"line":5,"column":0},"end":{"line":5,"column":47}},"5":{"start":{"line":6,"column":0},"end":{"line":6,"column":87}},"6":{"start":{"line":7,"column":0},"end":{"line":7,"column":39}},"7":{"start":{"line":8,"column":0},"end":{"line":8,"column":17}},"8":{"start":{"line":9,"column":0},"end":{"line":9,"column":30}},"9":{"start":{"line":10,"column":0},"end":{"line":10,"column":47}},"10":{"start":{"line":11,"column":0},"end":{"line":11,"column":61}},"11":{"start":{"line":12,"column":0},"end":{"line":12,"column":13}},"12":{"start":{"line":13,"column":0},"end":{"line":13,"column":54}},"13":{"start":{"line":14,"column":0},"end":{"line":14,"column":61}},"14":{"start":{"line":15,"column":0},"end":{"line":15,"column":13}},"15":{"start":{"line":16,"column":0},"end":{"line":16,"column":40}},"16":{"start":{"line":17,"column":0},"end":{"line":17,"column":58}},"17":{"start":{"line":18,"column":0},"end":{"line":18,"column":13}},"18":{"start":{"line":19,"column":0},"end":{"line":19,"column":49}},"19":{"start":{"line":20,"column":0},"end":{"line":20,"column":63}},"20":{"start":{"line":21,"column":0},"end":{"line":21,"column":13}},"21":{"start":{"line":22,"column":0},"end":{"line":22,"column":12}},"22":{"start":{"line":23,"column":0},"end":{"line":23,"column":40}},"23":{"start":{"line":24,"column":0},"end":{"line":24,"column":37}},"24":{"start":{"line":25,"column":0},"end":{"line":25,"column":65}},"25":{"start":{"line":26,"column":0},"end":{"line":26,"column":13}},"26":{"start":{"line":27,"column":0},"end":{"line":27,"column":12}},"27":{"start":{"line":28,"column":0},"end":{"line":28,"column":61}},"28":{"start":{"line":29,"column":0},"end":{"line":29,"column":82}},"29":{"start":{"line":30,"column":0},"end":{"line":30,"column":42}},"30":{"start":{"line":31,"column":0},"end":{"line":31,"column":77}},"31":{"start":{"line":32,"column":0},"end":{"line":32,"column":13}},"32":{"start":{"line":33,"column":0},"end":{"line":33,"column":12}},"33":{"start":{"line":34,"column":0},"end":{"line":34,"column":132}},"34":{"start":{"line":35,"column":0},"end":{"line":35,"column":57}},"35":{"start":{"line":36,"column":0},"end":{"line":36,"column":69}},"36":{"start":{"line":37,"column":0},"end":{"line":37,"column":13}},"37":{"start":{"line":38,"column":0},"end":{"line":38,"column":12}},"38":{"start":{"line":39,"column":0},"end":{"line":39,"column":90}},"39":{"start":{"line":40,"column":0},"end":{"line":40,"column":40}},"40":{"start":{"line":41,"column":0},"end":{"line":41,"column":20}},"41":{"start":{"line":42,"column":0},"end":{"line":42,"column":71}},"42":{"start":{"line":43,"column":0},"end":{"line":43,"column":9}},"43":{"start":{"line":44,"column":0},"end":{"line":44,"column":5}},"45":{"start":{"line":46,"column":0},"end":{"line":46,"column":7}},"46":{"start":{"line":47,"column":0},"end":{"line":47,"column":30}},"47":{"start":{"line":48,"column":0},"end":{"line":48,"column":58}},"48":{"start":{"line":49,"column":0},"end":{"line":49,"column":63}},"49":{"start":{"line":50,"column":0},"end":{"line":50,"column":82}},"50":{"start":{"line":51,"column":0},"end":{"line":51,"column":46}},"51":{"start":{"line":52,"column":0},"end":{"line":52,"column":7}},"52":{"start":{"line":53,"column":0},"end":{"line":53,"column":48}},"53":{"start":{"line":54,"column":0},"end":{"line":54,"column":13}},"54":{"start":{"line":55,"column":0},"end":{"line":55,"column":30}},"55":{"start":{"line":56,"column":0},"end":{"line":56,"column":47}},"56":{"start":{"line":57,"column":0},"end":{"line":57,"column":61}},"57":{"start":{"line":58,"column":0},"end":{"line":58,"column":13}},"58":{"start":{"line":59,"column":0},"end":{"line":59,"column":47}},"59":{"start":{"line":60,"column":0},"end":{"line":60,"column":61}},"60":{"start":{"line":61,"column":0},"end":{"line":61,"column":13}},"62":{"start":{"line":63,"column":0},"end":{"line":63,"column":60}},"63":{"start":{"line":64,"column":0},"end":{"line":64,"column":41}},"64":{"start":{"line":65,"column":0},"end":{"line":65,"column":61}},"65":{"start":{"line":66,"column":0},"end":{"line":66,"column":13}},"66":{"start":{"line":67,"column":0},"end":{"line":67,"column":41}},"67":{"start":{"line":68,"column":0},"end":{"line":68,"column":61}},"68":{"start":{"line":69,"column":0},"end":{"line":69,"column":13}},"70":{"start":{"line":71,"column":0},"end":{"line":71,"column":63}},"71":{"start":{"line":72,"column":0},"end":{"line":72,"column":73}},"72":{"start":{"line":73,"column":0},"end":{"line":73,"column":24}},"73":{"start":{"line":74,"column":0},"end":{"line":74,"column":64}},"74":{"start":{"line":75,"column":0},"end":{"line":75,"column":13}},"76":{"start":{"line":77,"column":0},"end":{"line":77,"column":52}},"77":{"start":{"line":78,"column":0},"end":{"line":78,"column":89}},"78":{"start":{"line":79,"column":0},"end":{"line":79,"column":35}},"79":{"start":{"line":80,"column":0},"end":{"line":80,"column":64}},"80":{"start":{"line":81,"column":0},"end":{"line":81,"column":13}},"82":{"start":{"line":83,"column":0},"end":{"line":83,"column":48}},"83":{"start":{"line":84,"column":0},"end":{"line":84,"column":20}},"84":{"start":{"line":85,"column":0},"end":{"line":85,"column":29}},"85":{"start":{"line":86,"column":0},"end":{"line":86,"column":40}},"86":{"start":{"line":87,"column":0},"end":{"line":87,"column":34}},"87":{"start":{"line":88,"column":0},"end":{"line":88,"column":43}},"88":{"start":{"line":89,"column":0},"end":{"line":89,"column":14}},"89":{"start":{"line":90,"column":0},"end":{"line":90,"column":23}},"90":{"start":{"line":91,"column":0},"end":{"line":91,"column":60}},"91":{"start":{"line":92,"column":0},"end":{"line":92,"column":9}},"92":{"start":{"line":93,"column":0},"end":{"line":93,"column":5}},"94":{"start":{"line":95,"column":0},"end":{"line":95,"column":7}},"95":{"start":{"line":96,"column":0},"end":{"line":96,"column":46}},"96":{"start":{"line":97,"column":0},"end":{"line":97,"column":47}},"97":{"start":{"line":98,"column":0},"end":{"line":98,"column":53}},"98":{"start":{"line":99,"column":0},"end":{"line":99,"column":40}},"99":{"start":{"line":100,"column":0},"end":{"line":100,"column":7}},"100":{"start":{"line":101,"column":0},"end":{"line":101,"column":38}},"101":{"start":{"line":102,"column":0},"end":{"line":102,"column":13}},"102":{"start":{"line":103,"column":0},"end":{"line":103,"column":58}},"103":{"start":{"line":104,"column":0},"end":{"line":104,"column":24}},"104":{"start":{"line":105,"column":0},"end":{"line":105,"column":50}},"105":{"start":{"line":106,"column":0},"end":{"line":106,"column":13}},"107":{"start":{"line":108,"column":0},"end":{"line":108,"column":20}},"108":{"start":{"line":109,"column":0},"end":{"line":109,"column":29}},"109":{"start":{"line":110,"column":0},"end":{"line":110,"column":40}},"110":{"start":{"line":111,"column":0},"end":{"line":111,"column":34}},"111":{"start":{"line":112,"column":0},"end":{"line":112,"column":43}},"112":{"start":{"line":113,"column":0},"end":{"line":113,"column":14}},"113":{"start":{"line":114,"column":0},"end":{"line":114,"column":23}},"114":{"start":{"line":115,"column":0},"end":{"line":115,"column":66}},"115":{"start":{"line":116,"column":0},"end":{"line":116,"column":9}},"116":{"start":{"line":117,"column":0},"end":{"line":117,"column":5}},"117":{"start":{"line":118,"column":0},"end":{"line":118,"column":1}},"119":{"start":{"line":120,"column":0},"end":{"line":120,"column":28}}},"s":{"0":1,"1":1,"3":1,"4":1,"5":1,"6":63,"7":63,"8":63,"9":63,"10":3,"11":3,"12":63,"13":2,"14":2,"15":63,"16":1,"17":1,"18":63,"19":2,"20":2,"21":55,"22":55,"23":63,"24":3,"25":3,"26":52,"27":52,"28":52,"29":63,"30":6,"31":6,"32":46,"33":46,"34":63,"35":6,"36":6,"37":40,"38":40,"39":40,"40":63,"41":31,"42":31,"43":63,"45":1,"46":1,"47":1,"48":1,"49":1,"50":1,"51":1,"52":1,"53":25,"54":25,"55":25,"56":2,"57":2,"58":25,"59":2,"60":2,"62":21,"63":25,"64":1,"65":1,"66":25,"67":1,"68":1,"70":19,"71":19,"72":25,"73":3,"74":3,"76":16,"77":16,"78":25,"79":3,"80":3,"82":13,"83":13,"84":13,"85":13,"86":13,"87":13,"88":13,"89":25,"90":12,"91":12,"92":25,"94":1,"95":1,"96":1,"97":1,"98":1,"99":1,"100":1,"101":6,"102":6,"103":6,"104":3,"105":3,"107":2,"108":2,"109":2,"110":2,"111":2,"112":2,"113":6,"114":4,"115":4,"116":6,"117":1,"119":1},"branchMap":{"0":{"type":"branch","line":6,"loc":{"start":{"line":6,"column":11},"end":{"line":44,"column":5}},"locations":[{"start":{"line":6,"column":11},"end":{"line":44,"column":5}}]},"1":{"type":"branch","line":10,"loc":{"start":{"line":10,"column":46},"end":{"line":12,"column":13}},"locations":[{"start":{"line":10,"column":46},"end":{"line":12,"column":13}}]},"2":{"type":"branch","line":12,"loc":{"start":{"line":12,"column":12},"end":{"line":13,"column":53}},"locations":[{"start":{"line":12,"column":12},"end":{"line":13,"column":53}}]},"3":{"type":"branch","line":13,"loc":{"start":{"line":13,"column":53},"end":{"line":15,"column":13}},"locations":[{"start":{"line":13,"column":53},"end":{"line":15,"column":13}}]},"4":{"type":"branch","line":15,"loc":{"start":{"line":15,"column":12},"end":{"line":16,"column":39}},"locations":[{"start":{"line":15,"column":12},"end":{"line":16,"column":39}}]},"5":{"type":"branch","line":16,"loc":{"start":{"line":16,"column":39},"end":{"line":18,"column":13}},"locations":[{"start":{"line":16,"column":39},"end":{"line":18,"column":13}}]},"6":{"type":"branch","line":18,"loc":{"start":{"line":18,"column":12},"end":{"line":19,"column":48}},"locations":[{"start":{"line":18,"column":12},"end":{"line":19,"column":48}}]},"7":{"type":"branch","line":19,"loc":{"start":{"line":19,"column":48},"end":{"line":21,"column":13}},"locations":[{"start":{"line":19,"column":48},"end":{"line":21,"column":13}}]},"8":{"type":"branch","line":21,"loc":{"start":{"line":21,"column":12},"end":{"line":24,"column":36}},"locations":[{"start":{"line":21,"column":12},"end":{"line":24,"column":36}}]},"9":{"type":"branch","line":24,"loc":{"start":{"line":24,"column":36},"end":{"line":26,"column":13}},"locations":[{"start":{"line":24,"column":36},"end":{"line":26,"column":13}}]},"10":{"type":"branch","line":26,"loc":{"start":{"line":26,"column":12},"end":{"line":30,"column":41}},"locations":[{"start":{"line":26,"column":12},"end":{"line":30,"column":41}}]},"11":{"type":"branch","line":30,"loc":{"start":{"line":30,"column":41},"end":{"line":32,"column":13}},"locations":[{"start":{"line":30,"column":41},"end":{"line":32,"column":13}}]},"12":{"type":"branch","line":32,"loc":{"start":{"line":32,"column":12},"end":{"line":35,"column":56}},"locations":[{"start":{"line":32,"column":12},"end":{"line":35,"column":56}}]},"13":{"type":"branch","line":35,"loc":{"start":{"line":35,"column":56},"end":{"line":37,"column":13}},"locations":[{"start":{"line":35,"column":56},"end":{"line":37,"column":13}}]},"14":{"type":"branch","line":37,"loc":{"start":{"line":37,"column":12},"end":{"line":41,"column":9}},"locations":[{"start":{"line":37,"column":12},"end":{"line":41,"column":9}}]},"15":{"type":"branch","line":41,"loc":{"start":{"line":41,"column":9},"end":{"line":43,"column":9}},"locations":[{"start":{"line":41,"column":9},"end":{"line":43,"column":9}}]},"16":{"type":"branch","line":29,"loc":{"start":{"line":29,"column":46},"end":{"line":29,"column":80}},"locations":[{"start":{"line":29,"column":46},"end":{"line":29,"column":80}}]},"17":{"type":"branch","line":53,"loc":{"start":{"line":53,"column":11},"end":{"line":93,"column":5}},"locations":[{"start":{"line":53,"column":11},"end":{"line":93,"column":5}}]},"18":{"type":"branch","line":56,"loc":{"start":{"line":56,"column":46},"end":{"line":58,"column":13}},"locations":[{"start":{"line":56,"column":46},"end":{"line":58,"column":13}}]},"19":{"type":"branch","line":58,"loc":{"start":{"line":58,"column":12},"end":{"line":59,"column":46}},"locations":[{"start":{"line":58,"column":12},"end":{"line":59,"column":46}}]},"20":{"type":"branch","line":59,"loc":{"start":{"line":59,"column":46},"end":{"line":61,"column":13}},"locations":[{"start":{"line":59,"column":46},"end":{"line":61,"column":13}}]},"21":{"type":"branch","line":61,"loc":{"start":{"line":61,"column":12},"end":{"line":64,"column":40}},"locations":[{"start":{"line":61,"column":12},"end":{"line":64,"column":40}}]},"22":{"type":"branch","line":64,"loc":{"start":{"line":64,"column":40},"end":{"line":66,"column":13}},"locations":[{"start":{"line":64,"column":40},"end":{"line":66,"column":13}}]},"23":{"type":"branch","line":66,"loc":{"start":{"line":66,"column":12},"end":{"line":67,"column":40}},"locations":[{"start":{"line":66,"column":12},"end":{"line":67,"column":40}}]},"24":{"type":"branch","line":67,"loc":{"start":{"line":67,"column":40},"end":{"line":69,"column":13}},"locations":[{"start":{"line":67,"column":40},"end":{"line":69,"column":13}}]},"25":{"type":"branch","line":69,"loc":{"start":{"line":69,"column":12},"end":{"line":73,"column":23}},"locations":[{"start":{"line":69,"column":12},"end":{"line":73,"column":23}}]},"26":{"type":"branch","line":73,"loc":{"start":{"line":73,"column":23},"end":{"line":75,"column":13}},"locations":[{"start":{"line":73,"column":23},"end":{"line":75,"column":13}}]},"27":{"type":"branch","line":75,"loc":{"start":{"line":75,"column":12},"end":{"line":79,"column":34}},"locations":[{"start":{"line":75,"column":12},"end":{"line":79,"column":34}}]},"28":{"type":"branch","line":79,"loc":{"start":{"line":79,"column":34},"end":{"line":81,"column":13}},"locations":[{"start":{"line":79,"column":34},"end":{"line":81,"column":13}}]},"29":{"type":"branch","line":81,"loc":{"start":{"line":81,"column":12},"end":{"line":90,"column":10}},"locations":[{"start":{"line":81,"column":12},"end":{"line":90,"column":10}}]},"30":{"type":"branch","line":90,"loc":{"start":{"line":90,"column":10},"end":{"line":92,"column":9}},"locations":[{"start":{"line":90,"column":10},"end":{"line":92,"column":9}}]},"31":{"type":"branch","line":101,"loc":{"start":{"line":101,"column":11},"end":{"line":117,"column":5}},"locations":[{"start":{"line":101,"column":11},"end":{"line":117,"column":5}}]},"32":{"type":"branch","line":103,"loc":{"start":{"line":103,"column":57},"end":{"line":104,"column":23}},"locations":[{"start":{"line":103,"column":57},"end":{"line":104,"column":23}}]},"33":{"type":"branch","line":104,"loc":{"start":{"line":104,"column":23},"end":{"line":106,"column":13}},"locations":[{"start":{"line":104,"column":23},"end":{"line":106,"column":13}}]},"34":{"type":"branch","line":106,"loc":{"start":{"line":106,"column":12},"end":{"line":114,"column":10}},"locations":[{"start":{"line":106,"column":12},"end":{"line":114,"column":10}}]},"35":{"type":"branch","line":114,"loc":{"start":{"line":114,"column":10},"end":{"line":116,"column":9}},"locations":[{"start":{"line":114,"column":10},"end":{"line":116,"column":9}}]}},"b":{"0":[63],"1":[3],"2":[60],"3":[2],"4":[58],"5":[1],"6":[57],"7":[2],"8":[55],"9":[3],"10":[52],"11":[6],"12":[46],"13":[6],"14":[40],"15":[31],"16":[61],"17":[25],"18":[2],"19":[23],"20":[2],"21":[21],"22":[1],"23":[20],"24":[1],"25":[19],"26":[3],"27":[16],"28":[3],"29":[13],"30":[12],"31":[6],"32":[5],"33":[3],"34":[2],"35":[4]},"fnMap":{"0":{"name":"registerUser","decl":{"start":{"line":6,"column":11},"end":{"line":44,"column":5}},"loc":{"start":{"line":6,"column":11},"end":{"line":44,"column":5}},"line":6},"1":{"name":"loginUser","decl":{"start":{"line":53,"column":11},"end":{"line":93,"column":5}},"loc":{"start":{"line":53,"column":11},"end":{"line":93,"column":5}},"line":53},"2":{"name":"getUserById","decl":{"start":{"line":101,"column":11},"end":{"line":117,"column":5}},"loc":{"start":{"line":101,"column":11},"end":{"line":117,"column":5}},"line":101}},"f":{"0":63,"1":25,"2":6}}
}
